Using pre-set license
Built from '2020.3/staging' branch; Version is '2020.3.32f1 (12f8b0834f07) revision 1243312'; Using compiler version '192528614'; Build Type 'Release'
OS: 'Windows 10  (10.0.19044) 64bit Professional' Language: 'en' Physical Memory: 16319 MB
BatchMode: 1, IsHumanControllingUs: 0, StartBugReporterOnCrash: 0, Is64bit: 1, IsPro: 0

COMMAND LINE ARGUMENTS:
D:\Program Files\Unity\Hub\Editor\2020.3.32f1\Editor\Unity.exe
-adb2
-batchMode
-noUpm
-name
AssetImportWorker0
-projectPath
D:/UnityProjects/Planetary sandbox
-logFile
Logs/AssetImportWorker0.log
-srvPort
51337
Successfully changed project path to: D:/UnityProjects/Planetary sandbox
D:/UnityProjects/Planetary sandbox
Using Asset Import Pipeline V2.
Refreshing native plugins compatible for Editor in 54.42 ms, found 2 plugins.
Preloading 0 native plugins for Editor in 0.00 ms.
Initialize engine version: 2020.3.32f1 (12f8b0834f07)
[Subsystems] Discovering subsystems at path D:/Program Files/Unity/Hub/Editor/2020.3.32f1/Editor/Data/Resources/UnitySubsystems
[Subsystems] Discovering subsystems at path D:/UnityProjects/Planetary sandbox/Assets
GfxDevice: creating device client; threaded=0
Direct3D:
    Version:  Direct3D 11.0 [level 11.1]
    Renderer: NVIDIA GeForce RTX 2060 (ID=0x1f08)
    Vendor:   
    VRAM:     5980 MB
    Driver:   30.0.15.1215
Initialize mono
Mono path[0] = 'D:/Program Files/Unity/Hub/Editor/2020.3.32f1/Editor/Data/Managed'
Mono path[1] = 'D:/Program Files/Unity/Hub/Editor/2020.3.32f1/Editor/Data/MonoBleedingEdge/lib/mono/unityjit'
Mono config path = 'D:/Program Files/Unity/Hub/Editor/2020.3.32f1/Editor/Data/MonoBleedingEdge/etc'
Using monoOptions --debugger-agent=transport=dt_socket,embedding=1,server=y,suspend=n,address=127.0.0.1:56980
Begin MonoManager ReloadAssembly
Registering precompiled unity dll's ...
Register platform support module: D:/Program Files/Unity/Hub/Editor/2020.3.32f1/Editor/Data/PlaybackEngines/WindowsStandaloneSupport/UnityEditor.WindowsStandalone.Extensions.dll
Registered in 0.001136 seconds.
Native extension for WindowsStandalone target not found
Refreshing native plugins compatible for Editor in 53.53 ms, found 2 plugins.
Preloading 0 native plugins for Editor in 0.00 ms.
Mono: successfully reloaded assembly
- Completed reload, in  0.602 seconds
Domain Reload Profiling:
	ReloadAssembly (602ms)
		BeginReloadAssembly (64ms)
			ExecutionOrderSort (0ms)
			DisableScriptedObjects (0ms)
			BackupInstance (0ms)
			ReleaseScriptingObjects (0ms)
			CreateAndSetChildDomain (1ms)
		EndReloadAssembly (474ms)
			LoadAssemblies (64ms)
			RebuildTransferFunctionScriptingTraits (0ms)
			SetupTypeCache (158ms)
			ReleaseScriptCaches (0ms)
			RebuildScriptCaches (35ms)
			SetupLoadedEditorAssemblies (176ms)
				LogAssemblyErrors (0ms)
				InitializePlatformSupportModulesInManaged (5ms)
				SetLoadedEditorAssemblies (0ms)
				RefreshPlugins (54ms)
				BeforeProcessingInitializeOnLoad (15ms)
				ProcessInitializeOnLoadAttributes (75ms)
				ProcessInitializeOnLoadMethodAttributes (27ms)
				AfterProcessingInitializeOnLoad (0ms)
				EditorAssembliesLoaded (0ms)
			ExecutionOrderSort2 (0ms)
			AwakeInstancesAfterBackupRestoration (0ms)
Platform modules already initialized, skipping
Registering precompiled user dll's ...
Registered in 0.002751 seconds.
Begin MonoManager ReloadAssembly
Native extension for WindowsStandalone target not found
Refreshing native plugins compatible for Editor in 47.60 ms, found 2 plugins.
Preloading 0 native plugins for Editor in 0.00 ms.
Mono: successfully reloaded assembly
- Completed reload, in  1.459 seconds
Domain Reload Profiling:
	ReloadAssembly (1460ms)
		BeginReloadAssembly (142ms)
			ExecutionOrderSort (0ms)
			DisableScriptedObjects (4ms)
			BackupInstance (0ms)
			ReleaseScriptingObjects (0ms)
			CreateAndSetChildDomain (18ms)
		EndReloadAssembly (1252ms)
			LoadAssemblies (123ms)
			RebuildTransferFunctionScriptingTraits (0ms)
			SetupTypeCache (605ms)
			ReleaseScriptCaches (0ms)
			RebuildScriptCaches (44ms)
			SetupLoadedEditorAssemblies (380ms)
				LogAssemblyErrors (0ms)
				InitializePlatformSupportModulesInManaged (3ms)
				SetLoadedEditorAssemblies (0ms)
				RefreshPlugins (48ms)
				BeforeProcessingInitializeOnLoad (70ms)
				ProcessInitializeOnLoadAttributes (247ms)
				ProcessInitializeOnLoadMethodAttributes (9ms)
				AfterProcessingInitializeOnLoad (2ms)
				EditorAssembliesLoaded (0ms)
			ExecutionOrderSort2 (0ms)
			AwakeInstancesAfterBackupRestoration (5ms)
Platform modules already initialized, skipping
========================================================================
Worker process is ready to serve import requests
Launched and connected shader compiler UnityShaderCompiler.exe after 0.10 seconds
Refreshing native plugins compatible for Editor in 0.56 ms, found 2 plugins.
Preloading 0 native plugins for Editor in 0.00 ms.
Unloading 2813 Unused Serialized files (Serialized files now loaded: 0)
System memory in use before: 129.0 MB.
System memory in use after: 129.2 MB.

Unloading 17 unused Assets to reduce memory usage. Loaded Objects now: 3258.
Total: 2.733200 ms (FindLiveObjects: 0.171500 ms CreateObjectMapping: 0.115200 ms MarkObjects: 2.379500 ms  DeleteObjects: 0.066300 ms)

AssetImportParameters requested are different than current active one (requested -> active):
  custom:framework-win-MediaFoundation: 216162199b28c13a410421893ffa2e32 -> 
  custom:video-decoder-ogg-theora: a1e56fd34408186e4bbccfd4996cb3dc -> 
  custom:container-muxer-webm: aa71ff27fc2769a1b78a27578f13a17b -> 
  custom:container-demuxer-webm: 4f35f7cbe854078d1ac9338744f61a02 -> 
  custom:container-demuxer-ogg: 62fdf1f143b41e24485cea50d1cbac27 -> 
  custom:video-encoder-webm-vp8: eb34c28f22e8b96e1ab97ce403110664 -> 
  custom:video-decoder-webm-vp8: 9c59270c3fd7afecdb556c50c9e8de78 -> 
  custom:audio-decoder-ogg-vorbis: bf7c407c2cedff20999df2af8eb42d56 -> 
  custom:audio-encoder-webm-vorbis: bf7c407c2cedff20999df2af8eb42d56 -> 
========================================================================
Received Import Request.
  path: Assets/Materials/Black hole.mat
  artifactKey: Guid(f23dcf0edd1d1d54a9f576e0c55644a3) Importer(815301076,1909f56bfc062723c751e8b465ee728b)
Start importing Assets/Materials/Black hole.mat using Guid(f23dcf0edd1d1d54a9f576e0c55644a3) Importer(815301076,1909f56bfc062723c751e8b465ee728b)  -> (artifact id: '8381084237ef1638dab43c79d1a40bc0') in 0.237367 seconds 
========================================================================
Received Import Request.
  Time since last request: 0.000216 seconds.
  path: Assets/Materials/Skybox.mat
  artifactKey: Guid(8ec305abc0ec1fb4689f419dbbc9d2d8) Importer(815301076,1909f56bfc062723c751e8b465ee728b)
Start importing Assets/Materials/Skybox.mat using Guid(8ec305abc0ec1fb4689f419dbbc9d2d8) Importer(815301076,1909f56bfc062723c751e8b465ee728b)  -> (artifact id: '554a57b621f0013df42d34ebf160275a') in 0.017493 seconds 
========================================================================
Received Import Request.
  Time since last request: 98.381068 seconds.
  path: Assets/Materials/BH shader/test.mat
  artifactKey: Guid(8ff42df614dd52248a3077e9cbdbaef5) Importer(815301076,1909f56bfc062723c751e8b465ee728b)
Start importing Assets/Materials/BH shader/test.mat using Guid(8ff42df614dd52248a3077e9cbdbaef5) Importer(815301076,1909f56bfc062723c751e8b465ee728b)  -> (artifact id: '030014c8124cc5a220601ebcec46043a') in 0.018965 seconds 
========================================================================
Received Import Request.
  Time since last request: 389.040175 seconds.
  path: Assets/Materials/BH shader/view normal.shadersubgraph
  artifactKey: Guid(97f2a710f53c6824f9d587bb2bc5e6c2) Importer(815301076,1909f56bfc062723c751e8b465ee728b)
Start importing Assets/Materials/BH shader/view normal.shadersubgraph using Guid(97f2a710f53c6824f9d587bb2bc5e6c2) Importer(815301076,1909f56bfc062723c751e8b465ee728b)  -> (artifact id: 'e4af75ac0906d70171fd05f5313e5e5e') in 0.006420 seconds 
========================================================================
Received Prepare
Registering precompiled user dll's ...
Registered in 0.008195 seconds.
Begin MonoManager ReloadAssembly
Native extension for WindowsStandalone target not found
Refreshing native plugins compatible for Editor in 0.41 ms, found 2 plugins.
Preloading 0 native plugins for Editor in 0.00 ms.
Mono: successfully reloaded assembly
- Completed reload, in  0.997 seconds
Domain Reload Profiling:
	ReloadAssembly (998ms)
		BeginReloadAssembly (122ms)
			ExecutionOrderSort (0ms)
			DisableScriptedObjects (7ms)
			BackupInstance (0ms)
			ReleaseScriptingObjects (0ms)
			CreateAndSetChildDomain (36ms)
		EndReloadAssembly (819ms)
			LoadAssemblies (87ms)
			RebuildTransferFunctionScriptingTraits (0ms)
			SetupTypeCache (297ms)
			ReleaseScriptCaches (1ms)
			RebuildScriptCaches (42ms)
			SetupLoadedEditorAssemblies (267ms)
				LogAssemblyErrors (0ms)
				InitializePlatformSupportModulesInManaged (3ms)
				SetLoadedEditorAssemblies (0ms)
				RefreshPlugins (0ms)
				BeforeProcessingInitializeOnLoad (76ms)
				ProcessInitializeOnLoadAttributes (176ms)
				ProcessInitializeOnLoadMethodAttributes (9ms)
				AfterProcessingInitializeOnLoad (2ms)
				EditorAssembliesLoaded (0ms)
			ExecutionOrderSort2 (0ms)
			AwakeInstancesAfterBackupRestoration (15ms)
Platform modules already initialized, skipping
Refreshing native plugins compatible for Editor in 0.42 ms, found 2 plugins.
Preloading 0 native plugins for Editor in 0.00 ms.
Unloading 2702 Unused Serialized files (Serialized files now loaded: 0)
System memory in use before: 127.0 MB.
System memory in use after: 127.3 MB.

Unloading 12 unused Assets to reduce memory usage. Loaded Objects now: 3339.
Total: 2.939100 ms (FindLiveObjects: 0.209500 ms CreateObjectMapping: 0.159600 ms MarkObjects: 2.550600 ms  DeleteObjects: 0.018700 ms)

AssetImportParameters requested are different than current active one (requested -> active):
  custom:framework-win-MediaFoundation: 216162199b28c13a410421893ffa2e32 -> 
  custom:video-decoder-ogg-theora: a1e56fd34408186e4bbccfd4996cb3dc -> 
  custom:container-muxer-webm: aa71ff27fc2769a1b78a27578f13a17b -> 
  custom:container-demuxer-webm: 4f35f7cbe854078d1ac9338744f61a02 -> 
  custom:container-demuxer-ogg: 62fdf1f143b41e24485cea50d1cbac27 -> 
  custom:video-encoder-webm-vp8: eb34c28f22e8b96e1ab97ce403110664 -> 
  custom:video-decoder-webm-vp8: 9c59270c3fd7afecdb556c50c9e8de78 -> 
  custom:audio-decoder-ogg-vorbis: bf7c407c2cedff20999df2af8eb42d56 -> 
  custom:audio-encoder-webm-vorbis: bf7c407c2cedff20999df2af8eb42d56 -> 
========================================================================
Received Import Request.
  Time since last request: 903.832950 seconds.
  path: Assets/Materials/BH shader/normal to uv.shadersubgraph
  artifactKey: Guid(c0379e8a52d3a984a8e9924592f826ca) Importer(815301076,1909f56bfc062723c751e8b465ee728b)
Start importing Assets/Materials/BH shader/normal to uv.shadersubgraph using Guid(c0379e8a52d3a984a8e9924592f826ca) Importer(815301076,1909f56bfc062723c751e8b465ee728b)  -> (artifact id: '8f4e739d662ee55542ab1df3e40047d0') in 0.024045 seconds 
========================================================================
Received Import Request.
  Time since last request: 79.850291 seconds.
  path: Assets/Materials/BH shader/normal to uv.shadersubgraph
  artifactKey: Guid(c0379e8a52d3a984a8e9924592f826ca) Importer(815301076,1909f56bfc062723c751e8b465ee728b)
Start importing Assets/Materials/BH shader/normal to uv.shadersubgraph using Guid(c0379e8a52d3a984a8e9924592f826ca) Importer(815301076,1909f56bfc062723c751e8b465ee728b)  -> (artifact id: 'f2a40dde6273daa3a7747b2198c607e7') in 0.001841 seconds 
========================================================================
Received Import Request.
  Time since last request: 89.199318 seconds.
  path: Assets/Materials/BH shader/bend light.shadersubgraph
  artifactKey: Guid(038b7dd5c0ee23a4ea4eaee0ae1f7c28) Importer(815301076,1909f56bfc062723c751e8b465ee728b)
Start importing Assets/Materials/BH shader/bend light.shadersubgraph using Guid(038b7dd5c0ee23a4ea4eaee0ae1f7c28) Importer(815301076,1909f56bfc062723c751e8b465ee728b)  -> (artifact id: '042c56645269e737b66785c200b01742') in 0.008604 seconds 
========================================================================
Received Import Request.
  Time since last request: 295.491351 seconds.
  path: Assets/Materials/BH shader/bend light.shadersubgraph
  artifactKey: Guid(038b7dd5c0ee23a4ea4eaee0ae1f7c28) Importer(815301076,1909f56bfc062723c751e8b465ee728b)
Start importing Assets/Materials/BH shader/bend light.shadersubgraph using Guid(038b7dd5c0ee23a4ea4eaee0ae1f7c28) Importer(815301076,1909f56bfc062723c751e8b465ee728b)  -> (artifact id: '8f1d75f7112cb66b1006f54436b24252') in 0.002383 seconds 
========================================================================
Received Import Request.
  Time since last request: 20.182103 seconds.
  path: Assets/Materials/BH shader/bend light.shadersubgraph
  artifactKey: Guid(038b7dd5c0ee23a4ea4eaee0ae1f7c28) Importer(815301076,1909f56bfc062723c751e8b465ee728b)
Start importing Assets/Materials/BH shader/bend light.shadersubgraph using Guid(038b7dd5c0ee23a4ea4eaee0ae1f7c28) Importer(815301076,1909f56bfc062723c751e8b465ee728b)  -> (artifact id: 'b9356787401cf2c89c798f1cbc8fa0a7') in 0.001968 seconds 
========================================================================
Received Import Request.
  Time since last request: 3.014976 seconds.
  path: Assets/Materials/BH shader/bend light.shadersubgraph
  artifactKey: Guid(038b7dd5c0ee23a4ea4eaee0ae1f7c28) Importer(815301076,1909f56bfc062723c751e8b465ee728b)
Start importing Assets/Materials/BH shader/bend light.shadersubgraph using Guid(038b7dd5c0ee23a4ea4eaee0ae1f7c28) Importer(815301076,1909f56bfc062723c751e8b465ee728b)  -> (artifact id: '581554b2b5eebff9e654eae83e087bb9') in 0.002603 seconds 
========================================================================
Received Import Request.
  Time since last request: 3.011439 seconds.
  path: Assets/Materials/BH shader/bend light.shadersubgraph
  artifactKey: Guid(038b7dd5c0ee23a4ea4eaee0ae1f7c28) Importer(815301076,1909f56bfc062723c751e8b465ee728b)
Start importing Assets/Materials/BH shader/bend light.shadersubgraph using Guid(038b7dd5c0ee23a4ea4eaee0ae1f7c28) Importer(815301076,1909f56bfc062723c751e8b465ee728b)  -> (artifact id: 'be3ce9cd1ae5531e47bc70af63cd8385') in 0.002315 seconds 
========================================================================
Received Import Request.
  Time since last request: 3.481321 seconds.
  path: Assets/Materials/BH shader/bend light.shadersubgraph
  artifactKey: Guid(038b7dd5c0ee23a4ea4eaee0ae1f7c28) Importer(815301076,1909f56bfc062723c751e8b465ee728b)
Start importing Assets/Materials/BH shader/bend light.shadersubgraph using Guid(038b7dd5c0ee23a4ea4eaee0ae1f7c28) Importer(815301076,1909f56bfc062723c751e8b465ee728b)  -> (artifact id: 'dd97ab6855ee8fac42984bb0494d3dc4') in 0.002051 seconds 
========================================================================
Received Import Request.
  Time since last request: 3.605972 seconds.
  path: Assets/Materials/BH shader/bend light.shadersubgraph
  artifactKey: Guid(038b7dd5c0ee23a4ea4eaee0ae1f7c28) Importer(815301076,1909f56bfc062723c751e8b465ee728b)
Start importing Assets/Materials/BH shader/bend light.shadersubgraph using Guid(038b7dd5c0ee23a4ea4eaee0ae1f7c28) Importer(815301076,1909f56bfc062723c751e8b465ee728b)  -> (artifact id: 'ca7b87f3cf5e3ee7158202edea28db5c') in 0.002287 seconds 
========================================================================
Received Import Request.
  Time since last request: 161.458209 seconds.
  path: Assets/Materials/BH shader/bend light.shadersubgraph
  artifactKey: Guid(038b7dd5c0ee23a4ea4eaee0ae1f7c28) Importer(815301076,1909f56bfc062723c751e8b465ee728b)
Start importing Assets/Materials/BH shader/bend light.shadersubgraph using Guid(038b7dd5c0ee23a4ea4eaee0ae1f7c28) Importer(815301076,1909f56bfc062723c751e8b465ee728b)  -> (artifact id: 'a6155c33e591c1aef4d3c7420bbd44ab') in 0.002151 seconds 
========================================================================
Received Import Request.
  Time since last request: 35.471194 seconds.
  path: Assets/Materials/BH shader/bend light.shadersubgraph
  artifactKey: Guid(038b7dd5c0ee23a4ea4eaee0ae1f7c28) Importer(815301076,1909f56bfc062723c751e8b465ee728b)
Start importing Assets/Materials/BH shader/bend light.shadersubgraph using Guid(038b7dd5c0ee23a4ea4eaee0ae1f7c28) Importer(815301076,1909f56bfc062723c751e8b465ee728b)  -> (artifact id: 'ccc3b6a13d3a6ba0a62b5c76cd427f8d') in 0.002581 seconds 
========================================================================
Received Import Request.
  Time since last request: 8.992309 seconds.
  path: Assets/Materials/BH shader/bend light.shadersubgraph
  artifactKey: Guid(038b7dd5c0ee23a4ea4eaee0ae1f7c28) Importer(815301076,1909f56bfc062723c751e8b465ee728b)
Start importing Assets/Materials/BH shader/bend light.shadersubgraph using Guid(038b7dd5c0ee23a4ea4eaee0ae1f7c28) Importer(815301076,1909f56bfc062723c751e8b465ee728b)  -> (artifact id: 'faac9e6c991ed85a3d03369da4ddd85c') in 0.002066 seconds 
========================================================================
Received Import Request.
  Time since last request: 20.229471 seconds.
  path: Assets/Materials/BH shader/bend light.shadersubgraph
  artifactKey: Guid(038b7dd5c0ee23a4ea4eaee0ae1f7c28) Importer(815301076,1909f56bfc062723c751e8b465ee728b)
Start importing Assets/Materials/BH shader/bend light.shadersubgraph using Guid(038b7dd5c0ee23a4ea4eaee0ae1f7c28) Importer(815301076,1909f56bfc062723c751e8b465ee728b)  -> (artifact id: '14af220b5da7d2f725fd6519bdffb913') in 0.002400 seconds 
========================================================================
Received Import Request.
  Time since last request: 60.690901 seconds.
  path: Assets/Materials/BH shader/bend light.shadersubgraph
  artifactKey: Guid(038b7dd5c0ee23a4ea4eaee0ae1f7c28) Importer(815301076,1909f56bfc062723c751e8b465ee728b)
Start importing Assets/Materials/BH shader/bend light.shadersubgraph using Guid(038b7dd5c0ee23a4ea4eaee0ae1f7c28) Importer(815301076,1909f56bfc062723c751e8b465ee728b)  -> (artifact id: '7e565fc744c51daf77422bce7453ee70') in 0.001758 seconds 
========================================================================
Received Import Request.
  Time since last request: 48.446460 seconds.
  path: Assets/Materials/BH shader/bend light.shadersubgraph
  artifactKey: Guid(038b7dd5c0ee23a4ea4eaee0ae1f7c28) Importer(815301076,1909f56bfc062723c751e8b465ee728b)
Start importing Assets/Materials/BH shader/bend light.shadersubgraph using Guid(038b7dd5c0ee23a4ea4eaee0ae1f7c28) Importer(815301076,1909f56bfc062723c751e8b465ee728b)  -> (artifact id: '8ad176cf2b5a4ad5a8925a921b032b30') in 0.002687 seconds 
========================================================================
Received Import Request.
  Time since last request: 10.086094 seconds.
  path: Assets/Materials/BH shader/bend light.shadersubgraph
  artifactKey: Guid(038b7dd5c0ee23a4ea4eaee0ae1f7c28) Importer(815301076,1909f56bfc062723c751e8b465ee728b)
Start importing Assets/Materials/BH shader/bend light.shadersubgraph using Guid(038b7dd5c0ee23a4ea4eaee0ae1f7c28) Importer(815301076,1909f56bfc062723c751e8b465ee728b)  -> (artifact id: '8307138ae0156cc5e0c134b3a72238ac') in 0.002093 seconds 
========================================================================
Received Import Request.
  Time since last request: 9.658137 seconds.
  path: Assets/Materials/BH shader/bend light.shadersubgraph
  artifactKey: Guid(038b7dd5c0ee23a4ea4eaee0ae1f7c28) Importer(815301076,1909f56bfc062723c751e8b465ee728b)
Start importing Assets/Materials/BH shader/bend light.shadersubgraph using Guid(038b7dd5c0ee23a4ea4eaee0ae1f7c28) Importer(815301076,1909f56bfc062723c751e8b465ee728b)  -> (artifact id: '64210fe872c1694d63c7e3c5a43805d7') in 0.001918 seconds 
========================================================================
Received Import Request.
  Time since last request: 4.494762 seconds.
  path: Assets/Materials/BH shader/bend light.shadersubgraph
  artifactKey: Guid(038b7dd5c0ee23a4ea4eaee0ae1f7c28) Importer(815301076,1909f56bfc062723c751e8b465ee728b)
Start importing Assets/Materials/BH shader/bend light.shadersubgraph using Guid(038b7dd5c0ee23a4ea4eaee0ae1f7c28) Importer(815301076,1909f56bfc062723c751e8b465ee728b)  -> (artifact id: '3dc3b8df3068fb667f90ed321def0346') in 0.002800 seconds 
========================================================================
Received Import Request.
  Time since last request: 4.889832 seconds.
  path: Assets/Materials/BH shader/bend light.shadersubgraph
  artifactKey: Guid(038b7dd5c0ee23a4ea4eaee0ae1f7c28) Importer(815301076,1909f56bfc062723c751e8b465ee728b)
Start importing Assets/Materials/BH shader/bend light.shadersubgraph using Guid(038b7dd5c0ee23a4ea4eaee0ae1f7c28) Importer(815301076,1909f56bfc062723c751e8b465ee728b)  -> (artifact id: '9db1f11d3f5d1d11e455ad3302cdd9fd') in 0.002204 seconds 
========================================================================
Received Import Request.
  Time since last request: 11.885570 seconds.
  path: Assets/Materials/BH shader/bend light.shadersubgraph
  artifactKey: Guid(038b7dd5c0ee23a4ea4eaee0ae1f7c28) Importer(815301076,1909f56bfc062723c751e8b465ee728b)
Start importing Assets/Materials/BH shader/bend light.shadersubgraph using Guid(038b7dd5c0ee23a4ea4eaee0ae1f7c28) Importer(815301076,1909f56bfc062723c751e8b465ee728b)  -> (artifact id: '34846dc74ed5831c360de6342d4b864e') in 0.002125 seconds 
========================================================================
Received Import Request.
  Time since last request: 30.719746 seconds.
  path: Assets/Materials/BH shader/bend light.shadersubgraph
  artifactKey: Guid(038b7dd5c0ee23a4ea4eaee0ae1f7c28) Importer(815301076,1909f56bfc062723c751e8b465ee728b)
Start importing Assets/Materials/BH shader/bend light.shadersubgraph using Guid(038b7dd5c0ee23a4ea4eaee0ae1f7c28) Importer(815301076,1909f56bfc062723c751e8b465ee728b)  -> (artifact id: '1eed4ee7d69f8720b1bd749447234e3d') in 0.002571 seconds 
========================================================================
Received Import Request.
  Time since last request: 5.410099 seconds.
  path: Assets/Materials/BH shader/bend light.shadersubgraph
  artifactKey: Guid(038b7dd5c0ee23a4ea4eaee0ae1f7c28) Importer(815301076,1909f56bfc062723c751e8b465ee728b)
Start importing Assets/Materials/BH shader/bend light.shadersubgraph using Guid(038b7dd5c0ee23a4ea4eaee0ae1f7c28) Importer(815301076,1909f56bfc062723c751e8b465ee728b)  -> (artifact id: '5b50e0c62686ff2fda0022d40fdd51f4') in 0.002518 seconds 
========================================================================
Received Import Request.
  Time since last request: 115.025050 seconds.
  path: Assets/Materials/BH shader/bend light.shadersubgraph
  artifactKey: Guid(038b7dd5c0ee23a4ea4eaee0ae1f7c28) Importer(815301076,1909f56bfc062723c751e8b465ee728b)
Start importing Assets/Materials/BH shader/bend light.shadersubgraph using Guid(038b7dd5c0ee23a4ea4eaee0ae1f7c28) Importer(815301076,1909f56bfc062723c751e8b465ee728b)  -> (artifact id: 'd153ff03a7084cdeee436938776d7dc7') in 0.001817 seconds 
========================================================================
Received Import Request.
  Time since last request: 71.839287 seconds.
  path: Assets/Materials/Black hole.mat
  artifactKey: Guid(f23dcf0edd1d1d54a9f576e0c55644a3) Importer(815301076,1909f56bfc062723c751e8b465ee728b)
Start importing Assets/Materials/Black hole.mat using Guid(f23dcf0edd1d1d54a9f576e0c55644a3) Importer(815301076,1909f56bfc062723c751e8b465ee728b)  -> (artifact id: '164dafac1f7f8d9fe067388f93e06348') in 0.133107 seconds 
========================================================================
Received Import Request.
  Time since last request: 657.724799 seconds.
  path: Assets/Materials/BH shader/bend light.shadersubgraph
  artifactKey: Guid(038b7dd5c0ee23a4ea4eaee0ae1f7c28) Importer(815301076,1909f56bfc062723c751e8b465ee728b)
Start importing Assets/Materials/BH shader/bend light.shadersubgraph using Guid(038b7dd5c0ee23a4ea4eaee0ae1f7c28) Importer(815301076,1909f56bfc062723c751e8b465ee728b)  -> (artifact id: '829016f23c257a53c4c2dd830aa3078e') in 0.002450 seconds 
========================================================================
Received Import Request.
  Time since last request: 0.000239 seconds.
  path: Assets/Materials/BH shader/impact parameter.shadersubgraph
  artifactKey: Guid(4841a9c0276c92548a1770ef19d0fc14) Importer(815301076,1909f56bfc062723c751e8b465ee728b)
Start importing Assets/Materials/BH shader/impact parameter.shadersubgraph using Guid(4841a9c0276c92548a1770ef19d0fc14) Importer(815301076,1909f56bfc062723c751e8b465ee728b)  -> (artifact id: '0baeb9455740e1b9fe8d96814b8a8798') in 0.004667 seconds 
========================================================================
Received Import Request.
  Time since last request: 29.614832 seconds.
  path: Assets/Materials/BH shader/bend light.shadersubgraph
  artifactKey: Guid(038b7dd5c0ee23a4ea4eaee0ae1f7c28) Importer(815301076,1909f56bfc062723c751e8b465ee728b)
Start importing Assets/Materials/BH shader/bend light.shadersubgraph using Guid(038b7dd5c0ee23a4ea4eaee0ae1f7c28) Importer(815301076,1909f56bfc062723c751e8b465ee728b)  -> (artifact id: '97e632bdfed63f145900fbd9c145cff8') in 0.002600 seconds 
========================================================================
Received Import Request.
  Time since last request: 7.373689 seconds.
  path: Assets/Materials/BH shader/bend light.shadersubgraph
  artifactKey: Guid(038b7dd5c0ee23a4ea4eaee0ae1f7c28) Importer(815301076,1909f56bfc062723c751e8b465ee728b)
Start importing Assets/Materials/BH shader/bend light.shadersubgraph using Guid(038b7dd5c0ee23a4ea4eaee0ae1f7c28) Importer(815301076,1909f56bfc062723c751e8b465ee728b)  -> (artifact id: 'f81bc7deb2c4af16ad8c33164c449502') in 0.002112 seconds 
========================================================================
Received Import Request.
  Time since last request: 0.000163 seconds.
  path: Assets/Materials/BH shader/impact parameter.shadersubgraph
  artifactKey: Guid(4841a9c0276c92548a1770ef19d0fc14) Importer(815301076,1909f56bfc062723c751e8b465ee728b)
Start importing Assets/Materials/BH shader/impact parameter.shadersubgraph using Guid(4841a9c0276c92548a1770ef19d0fc14) Importer(815301076,1909f56bfc062723c751e8b465ee728b)  -> (artifact id: '4fed1fce7394f123d416c2d73e52b3a4') in 0.001709 seconds 
========================================================================
Received Import Request.
  Time since last request: 19.149078 seconds.
  path: Assets/Materials/BH shader/bend light.shadersubgraph
  artifactKey: Guid(038b7dd5c0ee23a4ea4eaee0ae1f7c28) Importer(815301076,1909f56bfc062723c751e8b465ee728b)
Start importing Assets/Materials/BH shader/bend light.shadersubgraph using Guid(038b7dd5c0ee23a4ea4eaee0ae1f7c28) Importer(815301076,1909f56bfc062723c751e8b465ee728b)  -> (artifact id: '8602ce8dd69fd3a6b43e4a2f3babd74a') in 0.001710 seconds 
========================================================================
Received Import Request.
  Time since last request: 0.000161 seconds.
  path: Assets/Materials/BH shader/impact parameter.shadersubgraph
  artifactKey: Guid(4841a9c0276c92548a1770ef19d0fc14) Importer(815301076,1909f56bfc062723c751e8b465ee728b)
Start importing Assets/Materials/BH shader/impact parameter.shadersubgraph using Guid(4841a9c0276c92548a1770ef19d0fc14) Importer(815301076,1909f56bfc062723c751e8b465ee728b)  -> (artifact id: '617bfcd37aa9a9e3118be379a666f3fd') in 0.001729 seconds 
========================================================================
Received Import Request.
  Time since last request: 44.395875 seconds.
  path: Assets/Materials/BH shader/bend light.shadersubgraph
  artifactKey: Guid(038b7dd5c0ee23a4ea4eaee0ae1f7c28) Importer(815301076,1909f56bfc062723c751e8b465ee728b)
Start importing Assets/Materials/BH shader/bend light.shadersubgraph using Guid(038b7dd5c0ee23a4ea4eaee0ae1f7c28) Importer(815301076,1909f56bfc062723c751e8b465ee728b)  -> (artifact id: '3cfc26d898412ca12c6e9264064c20ef') in 0.002461 seconds 
========================================================================
Received Import Request.
  Time since last request: 0.000194 seconds.
  path: Assets/Materials/BH shader/impact parameter.shadersubgraph
  artifactKey: Guid(4841a9c0276c92548a1770ef19d0fc14) Importer(815301076,1909f56bfc062723c751e8b465ee728b)
Start importing Assets/Materials/BH shader/impact parameter.shadersubgraph using Guid(4841a9c0276c92548a1770ef19d0fc14) Importer(815301076,1909f56bfc062723c751e8b465ee728b)  -> (artifact id: '40981cef7666ad11fc0feab28324f8da') in 0.002080 seconds 
========================================================================
Received Import Request.
  Time since last request: 2.940408 seconds.
  path: Assets/Materials/BH shader/bend light.shadersubgraph
  artifactKey: Guid(038b7dd5c0ee23a4ea4eaee0ae1f7c28) Importer(815301076,1909f56bfc062723c751e8b465ee728b)
Start importing Assets/Materials/BH shader/bend light.shadersubgraph using Guid(038b7dd5c0ee23a4ea4eaee0ae1f7c28) Importer(815301076,1909f56bfc062723c751e8b465ee728b)  -> (artifact id: '98432832b196966aa5aef7d9c3e9037c') in 0.001801 seconds 
========================================================================
Received Import Request.
  Time since last request: 48.412688 seconds.
  path: Assets/Materials/BH shader/bend light.shadersubgraph
  artifactKey: Guid(038b7dd5c0ee23a4ea4eaee0ae1f7c28) Importer(815301076,1909f56bfc062723c751e8b465ee728b)
Start importing Assets/Materials/BH shader/bend light.shadersubgraph using Guid(038b7dd5c0ee23a4ea4eaee0ae1f7c28) Importer(815301076,1909f56bfc062723c751e8b465ee728b)  -> (artifact id: '3b832b209dac381eff655fd0b5d3d611') in 0.003410 seconds 
========================================================================
Received Import Request.
  Time since last request: 57.362616 seconds.
  path: Assets/Materials/BH shader/impact parameter.shadersubgraph
  artifactKey: Guid(4841a9c0276c92548a1770ef19d0fc14) Importer(815301076,1909f56bfc062723c751e8b465ee728b)
Start importing Assets/Materials/BH shader/impact parameter.shadersubgraph using Guid(4841a9c0276c92548a1770ef19d0fc14) Importer(815301076,1909f56bfc062723c751e8b465ee728b)  -> (artifact id: '03dd8d4f421519af215b22ea19523842') in 0.001691 seconds 
========================================================================
Received Import Request.
  Time since last request: 12.092466 seconds.
  path: Assets/Materials/BH shader/bend light.shadersubgraph
  artifactKey: Guid(038b7dd5c0ee23a4ea4eaee0ae1f7c28) Importer(815301076,1909f56bfc062723c751e8b465ee728b)
Start importing Assets/Materials/BH shader/bend light.shadersubgraph using Guid(038b7dd5c0ee23a4ea4eaee0ae1f7c28) Importer(815301076,1909f56bfc062723c751e8b465ee728b)  -> (artifact id: '253a77a747ad07df5399e337f71bf847') in 0.001829 seconds 
========================================================================
Received Import Request.
  Time since last request: 48.803037 seconds.
  path: Assets/Materials/BH shader/impact parameter.shadersubgraph
  artifactKey: Guid(4841a9c0276c92548a1770ef19d0fc14) Importer(815301076,1909f56bfc062723c751e8b465ee728b)
Start importing Assets/Materials/BH shader/impact parameter.shadersubgraph using Guid(4841a9c0276c92548a1770ef19d0fc14) Importer(815301076,1909f56bfc062723c751e8b465ee728b)  -> (artifact id: 'c81b669d03ecd8c78ad33a3ed2f161d0') in 0.001976 seconds 
========================================================================
Received Import Request.
  Time since last request: 30.089763 seconds.
  path: Assets/Materials/BH shader/impact parameter.shadersubgraph
  artifactKey: Guid(4841a9c0276c92548a1770ef19d0fc14) Importer(815301076,1909f56bfc062723c751e8b465ee728b)
Start importing Assets/Materials/BH shader/impact parameter.shadersubgraph using Guid(4841a9c0276c92548a1770ef19d0fc14) Importer(815301076,1909f56bfc062723c751e8b465ee728b)  -> (artifact id: 'f359e4ca94f30d732873aa988e6fb884') in 0.003006 seconds 
========================================================================
Received Import Request.
  Time since last request: 212.469461 seconds.
  path: Assets/Materials/BH shader/critical ip.shadersubgraph
  artifactKey: Guid(2042dcecd6d38cc4daf1fc8ed277a072) Importer(815301076,1909f56bfc062723c751e8b465ee728b)
Start importing Assets/Materials/BH shader/critical ip.shadersubgraph using Guid(2042dcecd6d38cc4daf1fc8ed277a072) Importer(815301076,1909f56bfc062723c751e8b465ee728b)  -> (artifact id: '526ecbf85baabe8bc7f310c96b1cf827') in 0.004758 seconds 
========================================================================
Received Import Request.
  Time since last request: 15.736035 seconds.
  path: Assets/Materials/BH shader/critical ip.shadersubgraph
  artifactKey: Guid(2042dcecd6d38cc4daf1fc8ed277a072) Importer(815301076,1909f56bfc062723c751e8b465ee728b)
Start importing Assets/Materials/BH shader/critical ip.shadersubgraph using Guid(2042dcecd6d38cc4daf1fc8ed277a072) Importer(815301076,1909f56bfc062723c751e8b465ee728b)  -> (artifact id: 'b5fe8a75eeab3d77fd36efefe9de556b') in 0.001664 seconds 
========================================================================
Received Prepare
Registering precompiled user dll's ...
Registered in 0.002209 seconds.
Begin MonoManager ReloadAssembly
Native extension for WindowsStandalone target not found
Refreshing native plugins compatible for Editor in 0.39 ms, found 2 plugins.
Preloading 0 native plugins for Editor in 0.00 ms.
Mono: successfully reloaded assembly
- Completed reload, in  0.934 seconds
Domain Reload Profiling:
	ReloadAssembly (934ms)
		BeginReloadAssembly (150ms)
			ExecutionOrderSort (0ms)
			DisableScriptedObjects (8ms)
			BackupInstance (0ms)
			ReleaseScriptingObjects (0ms)
			CreateAndSetChildDomain (68ms)
		EndReloadAssembly (733ms)
			LoadAssemblies (91ms)
			RebuildTransferFunctionScriptingTraits (0ms)
			SetupTypeCache (268ms)
			ReleaseScriptCaches (1ms)
			RebuildScriptCaches (36ms)
			SetupLoadedEditorAssemblies (239ms)
				LogAssemblyErrors (0ms)
				InitializePlatformSupportModulesInManaged (3ms)
				SetLoadedEditorAssemblies (0ms)
				RefreshPlugins (0ms)
				BeforeProcessingInitializeOnLoad (66ms)
				ProcessInitializeOnLoadAttributes (160ms)
				ProcessInitializeOnLoadMethodAttributes (7ms)
				AfterProcessingInitializeOnLoad (2ms)
				EditorAssembliesLoaded (0ms)
			ExecutionOrderSort2 (0ms)
			AwakeInstancesAfterBackupRestoration (13ms)
Platform modules already initialized, skipping
Refreshing native plugins compatible for Editor in 0.40 ms, found 2 plugins.
Preloading 0 native plugins for Editor in 0.00 ms.
Unloading 2702 Unused Serialized files (Serialized files now loaded: 0)
System memory in use before: 127.2 MB.
System memory in use after: 127.5 MB.

Unloading 12 unused Assets to reduce memory usage. Loaded Objects now: 3378.
Total: 3.055200 ms (FindLiveObjects: 0.271700 ms CreateObjectMapping: 0.129800 ms MarkObjects: 2.618300 ms  DeleteObjects: 0.034700 ms)

AssetImportParameters requested are different than current active one (requested -> active):
  custom:framework-win-MediaFoundation: 216162199b28c13a410421893ffa2e32 -> 
  custom:video-decoder-ogg-theora: a1e56fd34408186e4bbccfd4996cb3dc -> 
  custom:container-muxer-webm: aa71ff27fc2769a1b78a27578f13a17b -> 
  custom:container-demuxer-webm: 4f35f7cbe854078d1ac9338744f61a02 -> 
  custom:container-demuxer-ogg: 62fdf1f143b41e24485cea50d1cbac27 -> 
  custom:video-encoder-webm-vp8: eb34c28f22e8b96e1ab97ce403110664 -> 
  custom:video-decoder-webm-vp8: 9c59270c3fd7afecdb556c50c9e8de78 -> 
  custom:audio-decoder-ogg-vorbis: bf7c407c2cedff20999df2af8eb42d56 -> 
  custom:audio-encoder-webm-vorbis: bf7c407c2cedff20999df2af8eb42d56 -> 
========================================================================
Received Prepare
Registering precompiled user dll's ...
Registered in 0.002521 seconds.
Begin MonoManager ReloadAssembly
Native extension for WindowsStandalone target not found
Refreshing native plugins compatible for Editor in 0.40 ms, found 2 plugins.
Preloading 0 native plugins for Editor in 0.00 ms.
Mono: successfully reloaded assembly
- Completed reload, in  0.873 seconds
Domain Reload Profiling:
	ReloadAssembly (874ms)
		BeginReloadAssembly (96ms)
			ExecutionOrderSort (0ms)
			DisableScriptedObjects (4ms)
			BackupInstance (0ms)
			ReleaseScriptingObjects (0ms)
			CreateAndSetChildDomain (30ms)
		EndReloadAssembly (726ms)
			LoadAssemblies (77ms)
			RebuildTransferFunctionScriptingTraits (0ms)
			SetupTypeCache (244ms)
			ReleaseScriptCaches (1ms)
			RebuildScriptCaches (38ms)
			SetupLoadedEditorAssemblies (263ms)
				LogAssemblyErrors (0ms)
				InitializePlatformSupportModulesInManaged (3ms)
				SetLoadedEditorAssemblies (0ms)
				RefreshPlugins (0ms)
				BeforeProcessingInitializeOnLoad (84ms)
				ProcessInitializeOnLoadAttributes (165ms)
				ProcessInitializeOnLoadMethodAttributes (7ms)
				AfterProcessingInitializeOnLoad (2ms)
				EditorAssembliesLoaded (0ms)
			ExecutionOrderSort2 (0ms)
			AwakeInstancesAfterBackupRestoration (13ms)
Platform modules already initialized, skipping
Refreshing native plugins compatible for Editor in 0.42 ms, found 2 plugins.
Preloading 0 native plugins for Editor in 0.00 ms.
Unloading 2701 Unused Serialized files (Serialized files now loaded: 0)
System memory in use before: 127.2 MB.
System memory in use after: 127.5 MB.

Unloading 13 unused Assets to reduce memory usage. Loaded Objects now: 3380.
Total: 2.639900 ms (FindLiveObjects: 0.182800 ms CreateObjectMapping: 0.123200 ms MarkObjects: 2.313700 ms  DeleteObjects: 0.019500 ms)

AssetImportParameters requested are different than current active one (requested -> active):
  custom:framework-win-MediaFoundation: 216162199b28c13a410421893ffa2e32 -> 
  custom:video-decoder-ogg-theora: a1e56fd34408186e4bbccfd4996cb3dc -> 
  custom:container-muxer-webm: aa71ff27fc2769a1b78a27578f13a17b -> 
  custom:container-demuxer-webm: 4f35f7cbe854078d1ac9338744f61a02 -> 
  custom:container-demuxer-ogg: 62fdf1f143b41e24485cea50d1cbac27 -> 
  custom:video-encoder-webm-vp8: eb34c28f22e8b96e1ab97ce403110664 -> 
  custom:video-decoder-webm-vp8: 9c59270c3fd7afecdb556c50c9e8de78 -> 
  custom:audio-decoder-ogg-vorbis: bf7c407c2cedff20999df2af8eb42d56 -> 
  custom:audio-encoder-webm-vorbis: bf7c407c2cedff20999df2af8eb42d56 -> 
========================================================================
Received Import Request.
  Time since last request: 459.947735 seconds.
  path: Assets/Gravity.cs
  artifactKey: Guid(38d6511692432ac408e5f6fdba2869f2) Importer(815301076,1909f56bfc062723c751e8b465ee728b)
Start importing Assets/Gravity.cs using Guid(38d6511692432ac408e5f6fdba2869f2) Importer(815301076,1909f56bfc062723c751e8b465ee728b)  -> (artifact id: 'a720cffa813efa035ecbf2d786a359eb') in 0.115837 seconds 
========================================================================
Received Import Request.
  Time since last request: 23.170815 seconds.
  path: Assets/Gravity.cs
  artifactKey: Guid(38d6511692432ac408e5f6fdba2869f2) Importer(815301076,1909f56bfc062723c751e8b465ee728b)
Start importing Assets/Gravity.cs using Guid(38d6511692432ac408e5f6fdba2869f2) Importer(815301076,1909f56bfc062723c751e8b465ee728b)  -> (artifact id: '5dc2505032e48b01ef896c082eb8b046') in 0.001392 seconds 
========================================================================
Received Import Request.
  Time since last request: 45.030608 seconds.
  path: Assets/Gravity.cs
  artifactKey: Guid(38d6511692432ac408e5f6fdba2869f2) Importer(815301076,1909f56bfc062723c751e8b465ee728b)
Start importing Assets/Gravity.cs using Guid(38d6511692432ac408e5f6fdba2869f2) Importer(815301076,1909f56bfc062723c751e8b465ee728b)  -> (artifact id: '8610e8084bd9af835006fc76c2a7f06a') in 0.001229 seconds 
========================================================================
Received Import Request.
  Time since last request: 6.037339 seconds.
  path: Assets/Gravity.cs
  artifactKey: Guid(38d6511692432ac408e5f6fdba2869f2) Importer(815301076,1909f56bfc062723c751e8b465ee728b)
Start importing Assets/Gravity.cs using Guid(38d6511692432ac408e5f6fdba2869f2) Importer(815301076,1909f56bfc062723c751e8b465ee728b)  -> (artifact id: 'e2ca97e08928fb52a796f49979769aa7') in 0.001419 seconds 
========================================================================
Received Import Request.
  Time since last request: 9.101322 seconds.
  path: Assets/Gravity.cs
  artifactKey: Guid(38d6511692432ac408e5f6fdba2869f2) Importer(815301076,1909f56bfc062723c751e8b465ee728b)
Start importing Assets/Gravity.cs using Guid(38d6511692432ac408e5f6fdba2869f2) Importer(815301076,1909f56bfc062723c751e8b465ee728b)  -> (artifact id: '45786e2efa4c907006fc20b588ca6d9c') in 0.001393 seconds 
========================================================================
Received Import Request.
  Time since last request: 3.822950 seconds.
  path: Assets/Gravity.cs
  artifactKey: Guid(38d6511692432ac408e5f6fdba2869f2) Importer(815301076,1909f56bfc062723c751e8b465ee728b)
Start importing Assets/Gravity.cs using Guid(38d6511692432ac408e5f6fdba2869f2) Importer(815301076,1909f56bfc062723c751e8b465ee728b)  -> (artifact id: '4b08d7a92499629f83f153e0396fbc3e') in 0.001483 seconds 
========================================================================
Received Prepare
Registering precompiled user dll's ...
Registered in 0.002365 seconds.
Begin MonoManager ReloadAssembly
Native extension for WindowsStandalone target not found
Refreshing native plugins compatible for Editor in 0.39 ms, found 2 plugins.
Preloading 0 native plugins for Editor in 0.00 ms.
Mono: successfully reloaded assembly
- Completed reload, in  0.862 seconds
Domain Reload Profiling:
	ReloadAssembly (862ms)
		BeginReloadAssembly (91ms)
			ExecutionOrderSort (0ms)
			DisableScriptedObjects (4ms)
			BackupInstance (0ms)
			ReleaseScriptingObjects (0ms)
			CreateAndSetChildDomain (27ms)
		EndReloadAssembly (724ms)
			LoadAssemblies (77ms)
			RebuildTransferFunctionScriptingTraits (0ms)
			SetupTypeCache (253ms)
			ReleaseScriptCaches (1ms)
			RebuildScriptCaches (36ms)
			SetupLoadedEditorAssemblies (248ms)
				LogAssemblyErrors (0ms)
				InitializePlatformSupportModulesInManaged (3ms)
				SetLoadedEditorAssemblies (0ms)
				RefreshPlugins (0ms)
				BeforeProcessingInitializeOnLoad (71ms)
				ProcessInitializeOnLoadAttributes (163ms)
				ProcessInitializeOnLoadMethodAttributes (7ms)
				AfterProcessingInitializeOnLoad (3ms)
				EditorAssembliesLoaded (0ms)
			ExecutionOrderSort2 (0ms)
			AwakeInstancesAfterBackupRestoration (13ms)
Platform modules already initialized, skipping
Refreshing native plugins compatible for Editor in 0.43 ms, found 2 plugins.
Preloading 0 native plugins for Editor in 0.00 ms.
Unloading 2702 Unused Serialized files (Serialized files now loaded: 0)
System memory in use before: 127.3 MB.
System memory in use after: 127.5 MB.

Unloading 12 unused Assets to reduce memory usage. Loaded Objects now: 3384.
Total: 3.163600 ms (FindLiveObjects: 0.188600 ms CreateObjectMapping: 0.113800 ms MarkObjects: 2.838700 ms  DeleteObjects: 0.021400 ms)

AssetImportParameters requested are different than current active one (requested -> active):
  custom:framework-win-MediaFoundation: 216162199b28c13a410421893ffa2e32 -> 
  custom:video-decoder-ogg-theora: a1e56fd34408186e4bbccfd4996cb3dc -> 
  custom:container-muxer-webm: aa71ff27fc2769a1b78a27578f13a17b -> 
  custom:container-demuxer-webm: 4f35f7cbe854078d1ac9338744f61a02 -> 
  custom:container-demuxer-ogg: 62fdf1f143b41e24485cea50d1cbac27 -> 
  custom:video-encoder-webm-vp8: eb34c28f22e8b96e1ab97ce403110664 -> 
  custom:video-decoder-webm-vp8: 9c59270c3fd7afecdb556c50c9e8de78 -> 
  custom:audio-decoder-ogg-vorbis: bf7c407c2cedff20999df2af8eb42d56 -> 
  custom:audio-encoder-webm-vorbis: bf7c407c2cedff20999df2af8eb42d56 -> 
========================================================================
Received Prepare
Registering precompiled user dll's ...
Registered in 0.002945 seconds.
Begin MonoManager ReloadAssembly
Native extension for WindowsStandalone target not found
Refreshing native plugins compatible for Editor in 0.39 ms, found 2 plugins.
Preloading 0 native plugins for Editor in 0.00 ms.
Mono: successfully reloaded assembly
- Completed reload, in  0.898 seconds
Domain Reload Profiling:
	ReloadAssembly (899ms)
		BeginReloadAssembly (88ms)
			ExecutionOrderSort (0ms)
			DisableScriptedObjects (4ms)
			BackupInstance (0ms)
			ReleaseScriptingObjects (0ms)
			CreateAndSetChildDomain (26ms)
		EndReloadAssembly (766ms)
			LoadAssemblies (75ms)
			RebuildTransferFunctionScriptingTraits (0ms)
			SetupTypeCache (280ms)
			ReleaseScriptCaches (1ms)
			RebuildScriptCaches (41ms)
			SetupLoadedEditorAssemblies (260ms)
				LogAssemblyErrors (0ms)
				InitializePlatformSupportModulesInManaged (3ms)
				SetLoadedEditorAssemblies (0ms)
				RefreshPlugins (0ms)
				BeforeProcessingInitializeOnLoad (69ms)
				ProcessInitializeOnLoadAttributes (176ms)
				ProcessInitializeOnLoadMethodAttributes (8ms)
				AfterProcessingInitializeOnLoad (2ms)
				EditorAssembliesLoaded (0ms)
			ExecutionOrderSort2 (0ms)
			AwakeInstancesAfterBackupRestoration (15ms)
Platform modules already initialized, skipping
Refreshing native plugins compatible for Editor in 0.42 ms, found 2 plugins.
Preloading 0 native plugins for Editor in 0.00 ms.
Unloading 2702 Unused Serialized files (Serialized files now loaded: 0)
System memory in use before: 127.3 MB.
System memory in use after: 127.5 MB.

Unloading 12 unused Assets to reduce memory usage. Loaded Objects now: 3387.
Total: 2.657000 ms (FindLiveObjects: 0.185700 ms CreateObjectMapping: 0.104300 ms MarkObjects: 2.347700 ms  DeleteObjects: 0.018400 ms)

AssetImportParameters requested are different than current active one (requested -> active):
  custom:framework-win-MediaFoundation: 216162199b28c13a410421893ffa2e32 -> 
  custom:video-decoder-ogg-theora: a1e56fd34408186e4bbccfd4996cb3dc -> 
  custom:container-muxer-webm: aa71ff27fc2769a1b78a27578f13a17b -> 
  custom:container-demuxer-webm: 4f35f7cbe854078d1ac9338744f61a02 -> 
  custom:container-demuxer-ogg: 62fdf1f143b41e24485cea50d1cbac27 -> 
  custom:video-encoder-webm-vp8: eb34c28f22e8b96e1ab97ce403110664 -> 
  custom:video-decoder-webm-vp8: 9c59270c3fd7afecdb556c50c9e8de78 -> 
  custom:audio-decoder-ogg-vorbis: bf7c407c2cedff20999df2af8eb42d56 -> 
  custom:audio-encoder-webm-vorbis: bf7c407c2cedff20999df2af8eb42d56 -> 
========================================================================
Received Prepare
Registering precompiled user dll's ...
Registered in 0.002201 seconds.
Begin MonoManager ReloadAssembly
Native extension for WindowsStandalone target not found
Refreshing native plugins compatible for Editor in 0.40 ms, found 2 plugins.
Preloading 0 native plugins for Editor in 0.00 ms.
Mono: successfully reloaded assembly
- Completed reload, in  0.853 seconds
Domain Reload Profiling:
	ReloadAssembly (853ms)
		BeginReloadAssembly (91ms)
			ExecutionOrderSort (0ms)
			DisableScriptedObjects (4ms)
			BackupInstance (0ms)
			ReleaseScriptingObjects (0ms)
			CreateAndSetChildDomain (26ms)
		EndReloadAssembly (717ms)
			LoadAssemblies (79ms)
			RebuildTransferFunctionScriptingTraits (0ms)
			SetupTypeCache (250ms)
			ReleaseScriptCaches (1ms)
			RebuildScriptCaches (38ms)
			SetupLoadedEditorAssemblies (240ms)
				LogAssemblyErrors (0ms)
				InitializePlatformSupportModulesInManaged (3ms)
				SetLoadedEditorAssemblies (0ms)
				RefreshPlugins (0ms)
				BeforeProcessingInitializeOnLoad (68ms)
				ProcessInitializeOnLoadAttributes (158ms)
				ProcessInitializeOnLoadMethodAttributes (8ms)
				AfterProcessingInitializeOnLoad (2ms)
				EditorAssembliesLoaded (0ms)
			ExecutionOrderSort2 (0ms)
			AwakeInstancesAfterBackupRestoration (14ms)
Platform modules already initialized, skipping
Refreshing native plugins compatible for Editor in 0.39 ms, found 2 plugins.
Preloading 0 native plugins for Editor in 0.00 ms.
Unloading 2702 Unused Serialized files (Serialized files now loaded: 0)
System memory in use before: 127.3 MB.
System memory in use after: 127.5 MB.

Unloading 12 unused Assets to reduce memory usage. Loaded Objects now: 3390.
Total: 2.608600 ms (FindLiveObjects: 0.177000 ms CreateObjectMapping: 0.137900 ms MarkObjects: 2.274500 ms  DeleteObjects: 0.018500 ms)

AssetImportParameters requested are different than current active one (requested -> active):
  custom:framework-win-MediaFoundation: 216162199b28c13a410421893ffa2e32 -> 
  custom:video-decoder-ogg-theora: a1e56fd34408186e4bbccfd4996cb3dc -> 
  custom:container-muxer-webm: aa71ff27fc2769a1b78a27578f13a17b -> 
  custom:container-demuxer-webm: 4f35f7cbe854078d1ac9338744f61a02 -> 
  custom:container-demuxer-ogg: 62fdf1f143b41e24485cea50d1cbac27 -> 
  custom:video-encoder-webm-vp8: eb34c28f22e8b96e1ab97ce403110664 -> 
  custom:video-decoder-webm-vp8: 9c59270c3fd7afecdb556c50c9e8de78 -> 
  custom:audio-decoder-ogg-vorbis: bf7c407c2cedff20999df2af8eb42d56 -> 
  custom:audio-encoder-webm-vorbis: bf7c407c2cedff20999df2af8eb42d56 -> 
========================================================================
Received Prepare
Registering precompiled user dll's ...
Registered in 0.002242 seconds.
Begin MonoManager ReloadAssembly
Native extension for WindowsStandalone target not found
Refreshing native plugins compatible for Editor in 0.41 ms, found 2 plugins.
Preloading 0 native plugins for Editor in 0.00 ms.
Mono: successfully reloaded assembly
- Completed reload, in  0.876 seconds
Domain Reload Profiling:
	ReloadAssembly (876ms)
		BeginReloadAssembly (93ms)
			ExecutionOrderSort (0ms)
			DisableScriptedObjects (4ms)
			BackupInstance (0ms)
			ReleaseScriptingObjects (0ms)
			CreateAndSetChildDomain (27ms)
		EndReloadAssembly (736ms)
			LoadAssemblies (76ms)
			RebuildTransferFunctionScriptingTraits (0ms)
			SetupTypeCache (266ms)
			ReleaseScriptCaches (1ms)
			RebuildScriptCaches (37ms)
			SetupLoadedEditorAssemblies (247ms)
				LogAssemblyErrors (0ms)
				InitializePlatformSupportModulesInManaged (3ms)
				SetLoadedEditorAssemblies (0ms)
				RefreshPlugins (0ms)
				BeforeProcessingInitializeOnLoad (68ms)
				ProcessInitializeOnLoadAttributes (164ms)
				ProcessInitializeOnLoadMethodAttributes (9ms)
				AfterProcessingInitializeOnLoad (2ms)
				EditorAssembliesLoaded (0ms)
			ExecutionOrderSort2 (0ms)
			AwakeInstancesAfterBackupRestoration (15ms)
Platform modules already initialized, skipping
Refreshing native plugins compatible for Editor in 0.39 ms, found 2 plugins.
Preloading 0 native plugins for Editor in 0.00 ms.
Unloading 2702 Unused Serialized files (Serialized files now loaded: 0)
System memory in use before: 127.3 MB.
System memory in use after: 127.5 MB.

Unloading 12 unused Assets to reduce memory usage. Loaded Objects now: 3393.
Total: 2.800500 ms (FindLiveObjects: 0.275900 ms CreateObjectMapping: 0.099800 ms MarkObjects: 2.381200 ms  DeleteObjects: 0.043000 ms)

AssetImportParameters requested are different than current active one (requested -> active):
  custom:framework-win-MediaFoundation: 216162199b28c13a410421893ffa2e32 -> 
  custom:video-decoder-ogg-theora: a1e56fd34408186e4bbccfd4996cb3dc -> 
  custom:container-muxer-webm: aa71ff27fc2769a1b78a27578f13a17b -> 
  custom:container-demuxer-webm: 4f35f7cbe854078d1ac9338744f61a02 -> 
  custom:container-demuxer-ogg: 62fdf1f143b41e24485cea50d1cbac27 -> 
  custom:video-encoder-webm-vp8: eb34c28f22e8b96e1ab97ce403110664 -> 
  custom:video-decoder-webm-vp8: 9c59270c3fd7afecdb556c50c9e8de78 -> 
  custom:audio-decoder-ogg-vorbis: bf7c407c2cedff20999df2af8eb42d56 -> 
  custom:audio-encoder-webm-vorbis: bf7c407c2cedff20999df2af8eb42d56 -> 
========================================================================
Received Prepare
Registering precompiled user dll's ...
Registered in 0.002143 seconds.
Begin MonoManager ReloadAssembly
Native extension for WindowsStandalone target not found
Refreshing native plugins compatible for Editor in 0.42 ms, found 2 plugins.
Preloading 0 native plugins for Editor in 0.00 ms.
Mono: successfully reloaded assembly
- Completed reload, in  0.884 seconds
Domain Reload Profiling:
	ReloadAssembly (885ms)
		BeginReloadAssembly (91ms)
			ExecutionOrderSort (0ms)
			DisableScriptedObjects (4ms)
			BackupInstance (0ms)
			ReleaseScriptingObjects (0ms)
			CreateAndSetChildDomain (25ms)
		EndReloadAssembly (745ms)
			LoadAssemblies (80ms)
			RebuildTransferFunctionScriptingTraits (0ms)
			SetupTypeCache (275ms)
			ReleaseScriptCaches (1ms)
			RebuildScriptCaches (37ms)
			SetupLoadedEditorAssemblies (246ms)
				LogAssemblyErrors (0ms)
				InitializePlatformSupportModulesInManaged (3ms)
				SetLoadedEditorAssemblies (0ms)
				RefreshPlugins (0ms)
				BeforeProcessingInitializeOnLoad (67ms)
				ProcessInitializeOnLoadAttributes (165ms)
				ProcessInitializeOnLoadMethodAttributes (8ms)
				AfterProcessingInitializeOnLoad (2ms)
				EditorAssembliesLoaded (0ms)
			ExecutionOrderSort2 (0ms)
			AwakeInstancesAfterBackupRestoration (14ms)
Platform modules already initialized, skipping
Refreshing native plugins compatible for Editor in 0.66 ms, found 2 plugins.
Preloading 0 native plugins for Editor in 0.00 ms.
Unloading 2702 Unused Serialized files (Serialized files now loaded: 0)
System memory in use before: 127.3 MB.
System memory in use after: 127.5 MB.

Unloading 12 unused Assets to reduce memory usage. Loaded Objects now: 3396.
Total: 2.757100 ms (FindLiveObjects: 0.188300 ms CreateObjectMapping: 0.127800 ms MarkObjects: 2.421100 ms  DeleteObjects: 0.019200 ms)

AssetImportParameters requested are different than current active one (requested -> active):
  custom:framework-win-MediaFoundation: 216162199b28c13a410421893ffa2e32 -> 
  custom:video-decoder-ogg-theora: a1e56fd34408186e4bbccfd4996cb3dc -> 
  custom:container-muxer-webm: aa71ff27fc2769a1b78a27578f13a17b -> 
  custom:container-demuxer-webm: 4f35f7cbe854078d1ac9338744f61a02 -> 
  custom:container-demuxer-ogg: 62fdf1f143b41e24485cea50d1cbac27 -> 
  custom:video-encoder-webm-vp8: eb34c28f22e8b96e1ab97ce403110664 -> 
  custom:video-decoder-webm-vp8: 9c59270c3fd7afecdb556c50c9e8de78 -> 
  custom:audio-decoder-ogg-vorbis: bf7c407c2cedff20999df2af8eb42d56 -> 
  custom:audio-encoder-webm-vorbis: bf7c407c2cedff20999df2af8eb42d56 -> 
========================================================================
Received Prepare
Registering precompiled user dll's ...
Registered in 0.002301 seconds.
Begin MonoManager ReloadAssembly
Native extension for WindowsStandalone target not found
Refreshing native plugins compatible for Editor in 0.40 ms, found 2 plugins.
Preloading 0 native plugins for Editor in 0.00 ms.
Mono: successfully reloaded assembly
- Completed reload, in  0.841 seconds
Domain Reload Profiling:
	ReloadAssembly (842ms)
		BeginReloadAssembly (86ms)
			ExecutionOrderSort (0ms)
			DisableScriptedObjects (4ms)
			BackupInstance (0ms)
			ReleaseScriptingObjects (0ms)
			CreateAndSetChildDomain (24ms)
		EndReloadAssembly (709ms)
			LoadAssemblies (71ms)
			RebuildTransferFunctionScriptingTraits (0ms)
			SetupTypeCache (256ms)
			ReleaseScriptCaches (1ms)
			RebuildScriptCaches (36ms)
			SetupLoadedEditorAssemblies (237ms)
				LogAssemblyErrors (0ms)
				InitializePlatformSupportModulesInManaged (3ms)
				SetLoadedEditorAssemblies (0ms)
				RefreshPlugins (0ms)
				BeforeProcessingInitializeOnLoad (65ms)
				ProcessInitializeOnLoadAttributes (157ms)
				ProcessInitializeOnLoadMethodAttributes (8ms)
				AfterProcessingInitializeOnLoad (2ms)
				EditorAssembliesLoaded (0ms)
			ExecutionOrderSort2 (0ms)
			AwakeInstancesAfterBackupRestoration (13ms)
Platform modules already initialized, skipping
Refreshing native plugins compatible for Editor in 0.40 ms, found 2 plugins.
Preloading 0 native plugins for Editor in 0.00 ms.
Unloading 2702 Unused Serialized files (Serialized files now loaded: 0)
System memory in use before: 127.3 MB.
System memory in use after: 127.6 MB.

Unloading 12 unused Assets to reduce memory usage. Loaded Objects now: 3399.
Total: 2.842200 ms (FindLiveObjects: 0.167500 ms CreateObjectMapping: 0.102500 ms MarkObjects: 2.528700 ms  DeleteObjects: 0.042900 ms)

AssetImportParameters requested are different than current active one (requested -> active):
  custom:framework-win-MediaFoundation: 216162199b28c13a410421893ffa2e32 -> 
  custom:video-decoder-ogg-theora: a1e56fd34408186e4bbccfd4996cb3dc -> 
  custom:container-muxer-webm: aa71ff27fc2769a1b78a27578f13a17b -> 
  custom:container-demuxer-webm: 4f35f7cbe854078d1ac9338744f61a02 -> 
  custom:container-demuxer-ogg: 62fdf1f143b41e24485cea50d1cbac27 -> 
  custom:video-encoder-webm-vp8: eb34c28f22e8b96e1ab97ce403110664 -> 
  custom:video-decoder-webm-vp8: 9c59270c3fd7afecdb556c50c9e8de78 -> 
  custom:audio-decoder-ogg-vorbis: bf7c407c2cedff20999df2af8eb42d56 -> 
  custom:audio-encoder-webm-vorbis: bf7c407c2cedff20999df2af8eb42d56 -> 
========================================================================
Received Prepare
Registering precompiled user dll's ...
Registered in 0.002298 seconds.
Begin MonoManager ReloadAssembly
Native extension for WindowsStandalone target not found
Refreshing native plugins compatible for Editor in 0.49 ms, found 2 plugins.
Preloading 0 native plugins for Editor in 0.00 ms.
Mono: successfully reloaded assembly
- Completed reload, in  0.938 seconds
Domain Reload Profiling:
	ReloadAssembly (939ms)
		BeginReloadAssembly (96ms)
			ExecutionOrderSort (0ms)
			DisableScriptedObjects (5ms)
			BackupInstance (0ms)
			ReleaseScriptingObjects (0ms)
			CreateAndSetChildDomain (27ms)
		EndReloadAssembly (793ms)
			LoadAssemblies (81ms)
			RebuildTransferFunctionScriptingTraits (0ms)
			SetupTypeCache (280ms)
			ReleaseScriptCaches (1ms)
			RebuildScriptCaches (40ms)
			SetupLoadedEditorAssemblies (268ms)
				LogAssemblyErrors (0ms)
				InitializePlatformSupportModulesInManaged (3ms)
				SetLoadedEditorAssemblies (0ms)
				RefreshPlugins (1ms)
				BeforeProcessingInitializeOnLoad (72ms)
				ProcessInitializeOnLoadAttributes (180ms)
				ProcessInitializeOnLoadMethodAttributes (9ms)
				AfterProcessingInitializeOnLoad (3ms)
				EditorAssembliesLoaded (0ms)
			ExecutionOrderSort2 (0ms)
			AwakeInstancesAfterBackupRestoration (14ms)
Platform modules already initialized, skipping
Refreshing native plugins compatible for Editor in 0.54 ms, found 2 plugins.
Preloading 0 native plugins for Editor in 0.00 ms.
Unloading 2702 Unused Serialized files (Serialized files now loaded: 0)
System memory in use before: 127.3 MB.
System memory in use after: 127.6 MB.

Unloading 12 unused Assets to reduce memory usage. Loaded Objects now: 3402.
Total: 3.383000 ms (FindLiveObjects: 0.215900 ms CreateObjectMapping: 0.155200 ms MarkObjects: 2.992300 ms  DeleteObjects: 0.018800 ms)

AssetImportParameters requested are different than current active one (requested -> active):
  custom:framework-win-MediaFoundation: 216162199b28c13a410421893ffa2e32 -> 
  custom:video-decoder-ogg-theora: a1e56fd34408186e4bbccfd4996cb3dc -> 
  custom:container-muxer-webm: aa71ff27fc2769a1b78a27578f13a17b -> 
  custom:container-demuxer-webm: 4f35f7cbe854078d1ac9338744f61a02 -> 
  custom:container-demuxer-ogg: 62fdf1f143b41e24485cea50d1cbac27 -> 
  custom:video-encoder-webm-vp8: eb34c28f22e8b96e1ab97ce403110664 -> 
  custom:video-decoder-webm-vp8: 9c59270c3fd7afecdb556c50c9e8de78 -> 
  custom:audio-decoder-ogg-vorbis: bf7c407c2cedff20999df2af8eb42d56 -> 
  custom:audio-encoder-webm-vorbis: bf7c407c2cedff20999df2af8eb42d56 -> 
========================================================================
Received Prepare
Registering precompiled user dll's ...
Registered in 0.002224 seconds.
Begin MonoManager ReloadAssembly
Native extension for WindowsStandalone target not found
Refreshing native plugins compatible for Editor in 0.43 ms, found 2 plugins.
Preloading 0 native plugins for Editor in 0.00 ms.
Mono: successfully reloaded assembly
- Completed reload, in  0.926 seconds
Domain Reload Profiling:
	ReloadAssembly (926ms)
		BeginReloadAssembly (93ms)
			ExecutionOrderSort (0ms)
			DisableScriptedObjects (4ms)
			BackupInstance (0ms)
			ReleaseScriptingObjects (0ms)
			CreateAndSetChildDomain (26ms)
		EndReloadAssembly (785ms)
			LoadAssemblies (78ms)
			RebuildTransferFunctionScriptingTraits (0ms)
			SetupTypeCache (274ms)
			ReleaseScriptCaches (1ms)
			RebuildScriptCaches (41ms)
			SetupLoadedEditorAssemblies (270ms)
				LogAssemblyErrors (0ms)
				InitializePlatformSupportModulesInManaged (3ms)
				SetLoadedEditorAssemblies (1ms)
				RefreshPlugins (0ms)
				BeforeProcessingInitializeOnLoad (76ms)
				ProcessInitializeOnLoadAttributes (178ms)
				ProcessInitializeOnLoadMethodAttributes (9ms)
				AfterProcessingInitializeOnLoad (2ms)
				EditorAssembliesLoaded (0ms)
			ExecutionOrderSort2 (0ms)
			AwakeInstancesAfterBackupRestoration (15ms)
Platform modules already initialized, skipping
Refreshing native plugins compatible for Editor in 0.47 ms, found 2 plugins.
Preloading 0 native plugins for Editor in 0.00 ms.
Unloading 2702 Unused Serialized files (Serialized files now loaded: 0)
System memory in use before: 127.3 MB.
System memory in use after: 127.6 MB.

Unloading 12 unused Assets to reduce memory usage. Loaded Objects now: 3405.
Total: 2.681200 ms (FindLiveObjects: 0.205200 ms CreateObjectMapping: 0.118100 ms MarkObjects: 2.337900 ms  DeleteObjects: 0.019300 ms)

AssetImportParameters requested are different than current active one (requested -> active):
  custom:framework-win-MediaFoundation: 216162199b28c13a410421893ffa2e32 -> 
  custom:video-decoder-ogg-theora: a1e56fd34408186e4bbccfd4996cb3dc -> 
  custom:container-muxer-webm: aa71ff27fc2769a1b78a27578f13a17b -> 
  custom:container-demuxer-webm: 4f35f7cbe854078d1ac9338744f61a02 -> 
  custom:container-demuxer-ogg: 62fdf1f143b41e24485cea50d1cbac27 -> 
  custom:video-encoder-webm-vp8: eb34c28f22e8b96e1ab97ce403110664 -> 
  custom:video-decoder-webm-vp8: 9c59270c3fd7afecdb556c50c9e8de78 -> 
  custom:audio-decoder-ogg-vorbis: bf7c407c2cedff20999df2af8eb42d56 -> 
  custom:audio-encoder-webm-vorbis: bf7c407c2cedff20999df2af8eb42d56 -> 
========================================================================
Received Prepare
Registering precompiled user dll's ...
Registered in 0.002235 seconds.
Begin MonoManager ReloadAssembly
Native extension for WindowsStandalone target not found
Refreshing native plugins compatible for Editor in 0.41 ms, found 2 plugins.
Preloading 0 native plugins for Editor in 0.00 ms.
Mono: successfully reloaded assembly
- Completed reload, in  0.848 seconds
Domain Reload Profiling:
	ReloadAssembly (848ms)
		BeginReloadAssembly (85ms)
			ExecutionOrderSort (0ms)
			DisableScriptedObjects (4ms)
			BackupInstance (0ms)
			ReleaseScriptingObjects (0ms)
			CreateAndSetChildDomain (24ms)
		EndReloadAssembly (718ms)
			LoadAssemblies (70ms)
			RebuildTransferFunctionScriptingTraits (0ms)
			SetupTypeCache (259ms)
			ReleaseScriptCaches (1ms)
			RebuildScriptCaches (36ms)
			SetupLoadedEditorAssemblies (240ms)
				LogAssemblyErrors (0ms)
				InitializePlatformSupportModulesInManaged (3ms)
				SetLoadedEditorAssemblies (0ms)
				RefreshPlugins (0ms)
				BeforeProcessingInitializeOnLoad (66ms)
				ProcessInitializeOnLoadAttributes (160ms)
				ProcessInitializeOnLoadMethodAttributes (8ms)
				AfterProcessingInitializeOnLoad (2ms)
				EditorAssembliesLoaded (0ms)
			ExecutionOrderSort2 (0ms)
			AwakeInstancesAfterBackupRestoration (13ms)
Platform modules already initialized, skipping
Refreshing native plugins compatible for Editor in 0.42 ms, found 2 plugins.
Preloading 0 native plugins for Editor in 0.00 ms.
Unloading 2702 Unused Serialized files (Serialized files now loaded: 0)
System memory in use before: 127.3 MB.
System memory in use after: 127.6 MB.

Unloading 12 unused Assets to reduce memory usage. Loaded Objects now: 3408.
Total: 2.895600 ms (FindLiveObjects: 0.228800 ms CreateObjectMapping: 0.148900 ms MarkObjects: 2.496700 ms  DeleteObjects: 0.020500 ms)

AssetImportParameters requested are different than current active one (requested -> active):
  custom:framework-win-MediaFoundation: 216162199b28c13a410421893ffa2e32 -> 
  custom:video-decoder-ogg-theora: a1e56fd34408186e4bbccfd4996cb3dc -> 
  custom:container-muxer-webm: aa71ff27fc2769a1b78a27578f13a17b -> 
  custom:container-demuxer-webm: 4f35f7cbe854078d1ac9338744f61a02 -> 
  custom:container-demuxer-ogg: 62fdf1f143b41e24485cea50d1cbac27 -> 
  custom:video-encoder-webm-vp8: eb34c28f22e8b96e1ab97ce403110664 -> 
  custom:video-decoder-webm-vp8: 9c59270c3fd7afecdb556c50c9e8de78 -> 
  custom:audio-decoder-ogg-vorbis: bf7c407c2cedff20999df2af8eb42d56 -> 
  custom:audio-encoder-webm-vorbis: bf7c407c2cedff20999df2af8eb42d56 -> 
========================================================================
Received Prepare
Registering precompiled user dll's ...
Registered in 0.003083 seconds.
Begin MonoManager ReloadAssembly
Native extension for WindowsStandalone target not found
Refreshing native plugins compatible for Editor in 0.64 ms, found 2 plugins.
Preloading 0 native plugins for Editor in 0.00 ms.
Mono: successfully reloaded assembly
- Completed reload, in  0.943 seconds
Domain Reload Profiling:
	ReloadAssembly (943ms)
		BeginReloadAssembly (86ms)
			ExecutionOrderSort (0ms)
			DisableScriptedObjects (4ms)
			BackupInstance (0ms)
			ReleaseScriptingObjects (0ms)
			CreateAndSetChildDomain (24ms)
		EndReloadAssembly (806ms)
			LoadAssemblies (75ms)
			RebuildTransferFunctionScriptingTraits (0ms)
			SetupTypeCache (310ms)
			ReleaseScriptCaches (1ms)
			RebuildScriptCaches (37ms)
			SetupLoadedEditorAssemblies (258ms)
				LogAssemblyErrors (0ms)
				InitializePlatformSupportModulesInManaged (3ms)
				SetLoadedEditorAssemblies (0ms)
				RefreshPlugins (1ms)
				BeforeProcessingInitializeOnLoad (75ms)
				ProcessInitializeOnLoadAttributes (168ms)
				ProcessInitializeOnLoadMethodAttributes (8ms)
				AfterProcessingInitializeOnLoad (2ms)
				EditorAssembliesLoaded (0ms)
			ExecutionOrderSort2 (0ms)
			AwakeInstancesAfterBackupRestoration (14ms)
Platform modules already initialized, skipping
Refreshing native plugins compatible for Editor in 0.40 ms, found 2 plugins.
Preloading 0 native plugins for Editor in 0.00 ms.
Unloading 2702 Unused Serialized files (Serialized files now loaded: 0)
System memory in use before: 127.3 MB.
System memory in use after: 127.6 MB.

Unloading 12 unused Assets to reduce memory usage. Loaded Objects now: 3411.
Total: 2.732100 ms (FindLiveObjects: 0.189500 ms CreateObjectMapping: 0.105200 ms MarkObjects: 2.418700 ms  DeleteObjects: 0.018000 ms)

AssetImportParameters requested are different than current active one (requested -> active):
  custom:framework-win-MediaFoundation: 216162199b28c13a410421893ffa2e32 -> 
  custom:video-decoder-ogg-theora: a1e56fd34408186e4bbccfd4996cb3dc -> 
  custom:container-muxer-webm: aa71ff27fc2769a1b78a27578f13a17b -> 
  custom:container-demuxer-webm: 4f35f7cbe854078d1ac9338744f61a02 -> 
  custom:container-demuxer-ogg: 62fdf1f143b41e24485cea50d1cbac27 -> 
  custom:video-encoder-webm-vp8: eb34c28f22e8b96e1ab97ce403110664 -> 
  custom:video-decoder-webm-vp8: 9c59270c3fd7afecdb556c50c9e8de78 -> 
  custom:audio-decoder-ogg-vorbis: bf7c407c2cedff20999df2af8eb42d56 -> 
  custom:audio-encoder-webm-vorbis: bf7c407c2cedff20999df2af8eb42d56 -> 
========================================================================
Received Prepare
Registering precompiled user dll's ...
Registered in 0.002203 seconds.
Begin MonoManager ReloadAssembly
Native extension for WindowsStandalone target not found
Refreshing native plugins compatible for Editor in 0.50 ms, found 2 plugins.
Preloading 0 native plugins for Editor in 0.00 ms.
Mono: successfully reloaded assembly
- Completed reload, in  0.885 seconds
Domain Reload Profiling:
	ReloadAssembly (885ms)
		BeginReloadAssembly (87ms)
			ExecutionOrderSort (0ms)
			DisableScriptedObjects (4ms)
			BackupInstance (0ms)
			ReleaseScriptingObjects (0ms)
			CreateAndSetChildDomain (24ms)
		EndReloadAssembly (753ms)
			LoadAssemblies (72ms)
			RebuildTransferFunctionScriptingTraits (0ms)
			SetupTypeCache (251ms)
			ReleaseScriptCaches (1ms)
			RebuildScriptCaches (37ms)
			SetupLoadedEditorAssemblies (275ms)
				LogAssemblyErrors (0ms)
				InitializePlatformSupportModulesInManaged (3ms)
				SetLoadedEditorAssemblies (0ms)
				RefreshPlugins (1ms)
				BeforeProcessingInitializeOnLoad (70ms)
				ProcessInitializeOnLoadAttributes (190ms)
				ProcessInitializeOnLoadMethodAttributes (8ms)
				AfterProcessingInitializeOnLoad (2ms)
				EditorAssembliesLoaded (0ms)
			ExecutionOrderSort2 (0ms)
			AwakeInstancesAfterBackupRestoration (14ms)
Platform modules already initialized, skipping
Refreshing native plugins compatible for Editor in 0.56 ms, found 2 plugins.
Preloading 0 native plugins for Editor in 0.00 ms.
Unloading 2702 Unused Serialized files (Serialized files now loaded: 0)
System memory in use before: 127.4 MB.
System memory in use after: 127.6 MB.

Unloading 12 unused Assets to reduce memory usage. Loaded Objects now: 3414.
Total: 3.267900 ms (FindLiveObjects: 0.269000 ms CreateObjectMapping: 0.129700 ms MarkObjects: 2.842900 ms  DeleteObjects: 0.025200 ms)

AssetImportParameters requested are different than current active one (requested -> active):
  custom:framework-win-MediaFoundation: 216162199b28c13a410421893ffa2e32 -> 
  custom:video-decoder-ogg-theora: a1e56fd34408186e4bbccfd4996cb3dc -> 
  custom:container-muxer-webm: aa71ff27fc2769a1b78a27578f13a17b -> 
  custom:container-demuxer-webm: 4f35f7cbe854078d1ac9338744f61a02 -> 
  custom:container-demuxer-ogg: 62fdf1f143b41e24485cea50d1cbac27 -> 
  custom:video-encoder-webm-vp8: eb34c28f22e8b96e1ab97ce403110664 -> 
  custom:video-decoder-webm-vp8: 9c59270c3fd7afecdb556c50c9e8de78 -> 
  custom:audio-decoder-ogg-vorbis: bf7c407c2cedff20999df2af8eb42d56 -> 
  custom:audio-encoder-webm-vorbis: bf7c407c2cedff20999df2af8eb42d56 -> 
========================================================================
Received Prepare
Registering precompiled user dll's ...
Registered in 0.002214 seconds.
Begin MonoManager ReloadAssembly
Native extension for WindowsStandalone target not found
Refreshing native plugins compatible for Editor in 0.40 ms, found 2 plugins.
Preloading 0 native plugins for Editor in 0.00 ms.
Mono: successfully reloaded assembly
- Completed reload, in  0.866 seconds
Domain Reload Profiling:
	ReloadAssembly (867ms)
		BeginReloadAssembly (92ms)
			ExecutionOrderSort (0ms)
			DisableScriptedObjects (4ms)
			BackupInstance (0ms)
			ReleaseScriptingObjects (0ms)
			CreateAndSetChildDomain (25ms)
		EndReloadAssembly (728ms)
			LoadAssemblies (78ms)
			RebuildTransferFunctionScriptingTraits (0ms)
			SetupTypeCache (261ms)
			ReleaseScriptCaches (1ms)
			RebuildScriptCaches (36ms)
			SetupLoadedEditorAssemblies (243ms)
				LogAssemblyErrors (0ms)
				InitializePlatformSupportModulesInManaged (3ms)
				SetLoadedEditorAssemblies (0ms)
				RefreshPlugins (0ms)
				BeforeProcessingInitializeOnLoad (68ms)
				ProcessInitializeOnLoadAttributes (162ms)
				ProcessInitializeOnLoadMethodAttributes (8ms)
				AfterProcessingInitializeOnLoad (2ms)
				EditorAssembliesLoaded (0ms)
			ExecutionOrderSort2 (0ms)
			AwakeInstancesAfterBackupRestoration (14ms)
Platform modules already initialized, skipping
Refreshing native plugins compatible for Editor in 0.41 ms, found 2 plugins.
Preloading 0 native plugins for Editor in 0.00 ms.
Unloading 2702 Unused Serialized files (Serialized files now loaded: 0)
System memory in use before: 127.4 MB.
System memory in use after: 127.6 MB.

Unloading 12 unused Assets to reduce memory usage. Loaded Objects now: 3417.
Total: 2.766500 ms (FindLiveObjects: 0.180900 ms CreateObjectMapping: 0.105900 ms MarkObjects: 2.461400 ms  DeleteObjects: 0.017500 ms)

AssetImportParameters requested are different than current active one (requested -> active):
  custom:framework-win-MediaFoundation: 216162199b28c13a410421893ffa2e32 -> 
  custom:video-decoder-ogg-theora: a1e56fd34408186e4bbccfd4996cb3dc -> 
  custom:container-muxer-webm: aa71ff27fc2769a1b78a27578f13a17b -> 
  custom:container-demuxer-webm: 4f35f7cbe854078d1ac9338744f61a02 -> 
  custom:container-demuxer-ogg: 62fdf1f143b41e24485cea50d1cbac27 -> 
  custom:video-encoder-webm-vp8: eb34c28f22e8b96e1ab97ce403110664 -> 
  custom:video-decoder-webm-vp8: 9c59270c3fd7afecdb556c50c9e8de78 -> 
  custom:audio-decoder-ogg-vorbis: bf7c407c2cedff20999df2af8eb42d56 -> 
  custom:audio-encoder-webm-vorbis: bf7c407c2cedff20999df2af8eb42d56 -> 
========================================================================
Received Import Request.
  Time since last request: 295.158051 seconds.
  path: Assets/Materials/Skybox.mat
  artifactKey: Guid(8ec305abc0ec1fb4689f419dbbc9d2d8) Importer(815301076,1909f56bfc062723c751e8b465ee728b)
Start importing Assets/Materials/Skybox.mat using Guid(8ec305abc0ec1fb4689f419dbbc9d2d8) Importer(815301076,1909f56bfc062723c751e8b465ee728b)  -> (artifact id: 'd0d5fa87c0ca5f3c5288e1db531ade68') in 0.252279 seconds 
========================================================================
Received Prepare
Registering precompiled user dll's ...
Registered in 0.002186 seconds.
Begin MonoManager ReloadAssembly
Native extension for WindowsStandalone target not found
Refreshing native plugins compatible for Editor in 0.41 ms, found 2 plugins.
Preloading 0 native plugins for Editor in 0.00 ms.
Mono: successfully reloaded assembly
- Completed reload, in  0.926 seconds
Domain Reload Profiling:
	ReloadAssembly (927ms)
		BeginReloadAssembly (101ms)
			ExecutionOrderSort (0ms)
			DisableScriptedObjects (6ms)
			BackupInstance (0ms)
			ReleaseScriptingObjects (0ms)
			CreateAndSetChildDomain (30ms)
		EndReloadAssembly (779ms)
			LoadAssemblies (83ms)
			RebuildTransferFunctionScriptingTraits (0ms)
			SetupTypeCache (254ms)
			ReleaseScriptCaches (1ms)
			RebuildScriptCaches (37ms)
			SetupLoadedEditorAssemblies (293ms)
				LogAssemblyErrors (0ms)
				InitializePlatformSupportModulesInManaged (3ms)
				SetLoadedEditorAssemblies (0ms)
				RefreshPlugins (0ms)
				BeforeProcessingInitializeOnLoad (68ms)
				ProcessInitializeOnLoadAttributes (208ms)
				ProcessInitializeOnLoadMethodAttributes (11ms)
				AfterProcessingInitializeOnLoad (2ms)
				EditorAssembliesLoaded (0ms)
			ExecutionOrderSort2 (0ms)
			AwakeInstancesAfterBackupRestoration (14ms)
Platform modules already initialized, skipping
Refreshing native plugins compatible for Editor in 0.46 ms, found 2 plugins.
Preloading 0 native plugins for Editor in 0.00 ms.
Unloading 2702 Unused Serialized files (Serialized files now loaded: 0)
System memory in use before: 127.5 MB.
System memory in use after: 127.7 MB.

Unloading 12 unused Assets to reduce memory usage. Loaded Objects now: 3456.
Total: 2.763500 ms (FindLiveObjects: 0.204700 ms CreateObjectMapping: 0.107500 ms MarkObjects: 2.432100 ms  DeleteObjects: 0.018300 ms)

AssetImportParameters requested are different than current active one (requested -> active):
  custom:framework-win-MediaFoundation: 216162199b28c13a410421893ffa2e32 -> 
  custom:video-decoder-ogg-theora: a1e56fd34408186e4bbccfd4996cb3dc -> 
  custom:container-muxer-webm: aa71ff27fc2769a1b78a27578f13a17b -> 
  custom:container-demuxer-webm: 4f35f7cbe854078d1ac9338744f61a02 -> 
  custom:container-demuxer-ogg: 62fdf1f143b41e24485cea50d1cbac27 -> 
  custom:video-encoder-webm-vp8: eb34c28f22e8b96e1ab97ce403110664 -> 
  custom:video-decoder-webm-vp8: 9c59270c3fd7afecdb556c50c9e8de78 -> 
  custom:audio-decoder-ogg-vorbis: bf7c407c2cedff20999df2af8eb42d56 -> 
  custom:audio-encoder-webm-vorbis: bf7c407c2cedff20999df2af8eb42d56 -> 
========================================================================
Received Prepare
Registering precompiled user dll's ...
Registered in 0.002254 seconds.
Begin MonoManager ReloadAssembly
Native extension for WindowsStandalone target not found
Refreshing native plugins compatible for Editor in 0.42 ms, found 2 plugins.
Preloading 0 native plugins for Editor in 0.00 ms.
Mono: successfully reloaded assembly
- Completed reload, in  0.941 seconds
Domain Reload Profiling:
	ReloadAssembly (942ms)
		BeginReloadAssembly (93ms)
			ExecutionOrderSort (0ms)
			DisableScriptedObjects (4ms)
			BackupInstance (0ms)
			ReleaseScriptingObjects (0ms)
			CreateAndSetChildDomain (27ms)
		EndReloadAssembly (799ms)
			LoadAssemblies (84ms)
			RebuildTransferFunctionScriptingTraits (0ms)
			SetupTypeCache (298ms)
			ReleaseScriptCaches (1ms)
			RebuildScriptCaches (40ms)
			SetupLoadedEditorAssemblies (257ms)
				LogAssemblyErrors (0ms)
				InitializePlatformSupportModulesInManaged (4ms)
				SetLoadedEditorAssemblies (0ms)
				RefreshPlugins (0ms)
				BeforeProcessingInitializeOnLoad (70ms)
				ProcessInitializeOnLoadAttributes (170ms)
				ProcessInitializeOnLoadMethodAttributes (10ms)
				AfterProcessingInitializeOnLoad (2ms)
				EditorAssembliesLoaded (0ms)
			ExecutionOrderSort2 (0ms)
			AwakeInstancesAfterBackupRestoration (15ms)
Platform modules already initialized, skipping
Refreshing native plugins compatible for Editor in 0.39 ms, found 2 plugins.
Preloading 0 native plugins for Editor in 0.00 ms.
Unloading 2702 Unused Serialized files (Serialized files now loaded: 0)
System memory in use before: 127.5 MB.
System memory in use after: 127.7 MB.

Unloading 12 unused Assets to reduce memory usage. Loaded Objects now: 3459.
Total: 4.075100 ms (FindLiveObjects: 0.220600 ms CreateObjectMapping: 0.126200 ms MarkObjects: 3.704500 ms  DeleteObjects: 0.021700 ms)

AssetImportParameters requested are different than current active one (requested -> active):
  custom:framework-win-MediaFoundation: 216162199b28c13a410421893ffa2e32 -> 
  custom:video-decoder-ogg-theora: a1e56fd34408186e4bbccfd4996cb3dc -> 
  custom:container-muxer-webm: aa71ff27fc2769a1b78a27578f13a17b -> 
  custom:container-demuxer-webm: 4f35f7cbe854078d1ac9338744f61a02 -> 
  custom:container-demuxer-ogg: 62fdf1f143b41e24485cea50d1cbac27 -> 
  custom:video-encoder-webm-vp8: eb34c28f22e8b96e1ab97ce403110664 -> 
  custom:video-decoder-webm-vp8: 9c59270c3fd7afecdb556c50c9e8de78 -> 
  custom:audio-decoder-ogg-vorbis: bf7c407c2cedff20999df2af8eb42d56 -> 
  custom:audio-encoder-webm-vorbis: bf7c407c2cedff20999df2af8eb42d56 -> 
========================================================================
Received Prepare
Registering precompiled user dll's ...
Registered in 0.002403 seconds.
Begin MonoManager ReloadAssembly
Native extension for WindowsStandalone target not found
Refreshing native plugins compatible for Editor in 0.43 ms, found 2 plugins.
Preloading 0 native plugins for Editor in 0.00 ms.
Mono: successfully reloaded assembly
- Completed reload, in  0.908 seconds
Domain Reload Profiling:
	ReloadAssembly (909ms)
		BeginReloadAssembly (107ms)
			ExecutionOrderSort (0ms)
			DisableScriptedObjects (5ms)
			BackupInstance (0ms)
			ReleaseScriptingObjects (0ms)
			CreateAndSetChildDomain (33ms)
		EndReloadAssembly (747ms)
			LoadAssemblies (96ms)
			RebuildTransferFunctionScriptingTraits (0ms)
			SetupTypeCache (259ms)
			ReleaseScriptCaches (1ms)
			RebuildScriptCaches (37ms)
			SetupLoadedEditorAssemblies (244ms)
				LogAssemblyErrors (0ms)
				InitializePlatformSupportModulesInManaged (3ms)
				SetLoadedEditorAssemblies (0ms)
				RefreshPlugins (0ms)
				BeforeProcessingInitializeOnLoad (69ms)
				ProcessInitializeOnLoadAttributes (162ms)
				ProcessInitializeOnLoadMethodAttributes (7ms)
				AfterProcessingInitializeOnLoad (2ms)
				EditorAssembliesLoaded (0ms)
			ExecutionOrderSort2 (0ms)
			AwakeInstancesAfterBackupRestoration (15ms)
Platform modules already initialized, skipping
Refreshing native plugins compatible for Editor in 0.45 ms, found 2 plugins.
Preloading 0 native plugins for Editor in 0.00 ms.
Unloading 2702 Unused Serialized files (Serialized files now loaded: 0)
System memory in use before: 127.5 MB.
System memory in use after: 127.7 MB.

Unloading 12 unused Assets to reduce memory usage. Loaded Objects now: 3462.
Total: 3.129100 ms (FindLiveObjects: 0.268300 ms CreateObjectMapping: 0.138900 ms MarkObjects: 2.701700 ms  DeleteObjects: 0.019400 ms)

AssetImportParameters requested are different than current active one (requested -> active):
  custom:framework-win-MediaFoundation: 216162199b28c13a410421893ffa2e32 -> 
  custom:video-decoder-ogg-theora: a1e56fd34408186e4bbccfd4996cb3dc -> 
  custom:container-muxer-webm: aa71ff27fc2769a1b78a27578f13a17b -> 
  custom:container-demuxer-webm: 4f35f7cbe854078d1ac9338744f61a02 -> 
  custom:container-demuxer-ogg: 62fdf1f143b41e24485cea50d1cbac27 -> 
  custom:video-encoder-webm-vp8: eb34c28f22e8b96e1ab97ce403110664 -> 
  custom:video-decoder-webm-vp8: 9c59270c3fd7afecdb556c50c9e8de78 -> 
  custom:audio-decoder-ogg-vorbis: bf7c407c2cedff20999df2af8eb42d56 -> 
  custom:audio-encoder-webm-vorbis: bf7c407c2cedff20999df2af8eb42d56 -> 
========================================================================
Received Prepare
Registering precompiled user dll's ...
Registered in 0.002421 seconds.
Begin MonoManager ReloadAssembly
Native extension for WindowsStandalone target not found
Refreshing native plugins compatible for Editor in 0.43 ms, found 2 plugins.
Preloading 0 native plugins for Editor in 0.00 ms.
Mono: successfully reloaded assembly
- Completed reload, in  0.955 seconds
Domain Reload Profiling:
	ReloadAssembly (955ms)
		BeginReloadAssembly (107ms)
			ExecutionOrderSort (0ms)
			DisableScriptedObjects (5ms)
			BackupInstance (0ms)
			ReleaseScriptingObjects (0ms)
			CreateAndSetChildDomain (30ms)
		EndReloadAssembly (795ms)
			LoadAssemblies (90ms)
			RebuildTransferFunctionScriptingTraits (0ms)
			SetupTypeCache (276ms)
			ReleaseScriptCaches (1ms)
			RebuildScriptCaches (45ms)
			SetupLoadedEditorAssemblies (259ms)
				LogAssemblyErrors (0ms)
				InitializePlatformSupportModulesInManaged (4ms)
				SetLoadedEditorAssemblies (1ms)
				RefreshPlugins (0ms)
				BeforeProcessingInitializeOnLoad (73ms)
				ProcessInitializeOnLoadAttributes (169ms)
				ProcessInitializeOnLoadMethodAttributes (8ms)
				AfterProcessingInitializeOnLoad (3ms)
				EditorAssembliesLoaded (0ms)
			ExecutionOrderSort2 (0ms)
			AwakeInstancesAfterBackupRestoration (15ms)
Platform modules already initialized, skipping
Refreshing native plugins compatible for Editor in 0.57 ms, found 2 plugins.
Preloading 0 native plugins for Editor in 0.00 ms.
Unloading 2702 Unused Serialized files (Serialized files now loaded: 0)
System memory in use before: 127.5 MB.
System memory in use after: 127.7 MB.

Unloading 12 unused Assets to reduce memory usage. Loaded Objects now: 3465.
Total: 3.065300 ms (FindLiveObjects: 0.186200 ms CreateObjectMapping: 0.106100 ms MarkObjects: 2.742100 ms  DeleteObjects: 0.029900 ms)

AssetImportParameters requested are different than current active one (requested -> active):
  custom:framework-win-MediaFoundation: 216162199b28c13a410421893ffa2e32 -> 
  custom:video-decoder-ogg-theora: a1e56fd34408186e4bbccfd4996cb3dc -> 
  custom:container-muxer-webm: aa71ff27fc2769a1b78a27578f13a17b -> 
  custom:container-demuxer-webm: 4f35f7cbe854078d1ac9338744f61a02 -> 
  custom:container-demuxer-ogg: 62fdf1f143b41e24485cea50d1cbac27 -> 
  custom:video-encoder-webm-vp8: eb34c28f22e8b96e1ab97ce403110664 -> 
  custom:video-decoder-webm-vp8: 9c59270c3fd7afecdb556c50c9e8de78 -> 
  custom:audio-decoder-ogg-vorbis: bf7c407c2cedff20999df2af8eb42d56 -> 
  custom:audio-encoder-webm-vorbis: bf7c407c2cedff20999df2af8eb42d56 -> 
========================================================================
Received Prepare
Registering precompiled user dll's ...
Registered in 0.002320 seconds.
Begin MonoManager ReloadAssembly
Native extension for WindowsStandalone target not found
Refreshing native plugins compatible for Editor in 0.41 ms, found 2 plugins.
Preloading 0 native plugins for Editor in 0.00 ms.
Mono: successfully reloaded assembly
- Completed reload, in  0.839 seconds
Domain Reload Profiling:
	ReloadAssembly (840ms)
		BeginReloadAssembly (88ms)
			ExecutionOrderSort (0ms)
			DisableScriptedObjects (4ms)
			BackupInstance (0ms)
			ReleaseScriptingObjects (0ms)
			CreateAndSetChildDomain (26ms)
		EndReloadAssembly (706ms)
			LoadAssemblies (73ms)
			RebuildTransferFunctionScriptingTraits (0ms)
			SetupTypeCache (244ms)
			ReleaseScriptCaches (1ms)
			RebuildScriptCaches (36ms)
			SetupLoadedEditorAssemblies (242ms)
				LogAssemblyErrors (0ms)
				InitializePlatformSupportModulesInManaged (3ms)
				SetLoadedEditorAssemblies (0ms)
				RefreshPlugins (0ms)
				BeforeProcessingInitializeOnLoad (65ms)
				ProcessInitializeOnLoadAttributes (163ms)
				ProcessInitializeOnLoadMethodAttributes (7ms)
				AfterProcessingInitializeOnLoad (2ms)
				EditorAssembliesLoaded (0ms)
			ExecutionOrderSort2 (0ms)
			AwakeInstancesAfterBackupRestoration (14ms)
Platform modules already initialized, skipping
Refreshing native plugins compatible for Editor in 0.39 ms, found 2 plugins.
Preloading 0 native plugins for Editor in 0.00 ms.
Unloading 2702 Unused Serialized files (Serialized files now loaded: 0)
System memory in use before: 127.5 MB.
System memory in use after: 127.7 MB.

Unloading 12 unused Assets to reduce memory usage. Loaded Objects now: 3468.
Total: 2.737900 ms (FindLiveObjects: 0.179600 ms CreateObjectMapping: 0.102200 ms MarkObjects: 2.435900 ms  DeleteObjects: 0.019700 ms)

AssetImportParameters requested are different than current active one (requested -> active):
  custom:framework-win-MediaFoundation: 216162199b28c13a410421893ffa2e32 -> 
  custom:video-decoder-ogg-theora: a1e56fd34408186e4bbccfd4996cb3dc -> 
  custom:container-muxer-webm: aa71ff27fc2769a1b78a27578f13a17b -> 
  custom:container-demuxer-webm: 4f35f7cbe854078d1ac9338744f61a02 -> 
  custom:container-demuxer-ogg: 62fdf1f143b41e24485cea50d1cbac27 -> 
  custom:video-encoder-webm-vp8: eb34c28f22e8b96e1ab97ce403110664 -> 
  custom:video-decoder-webm-vp8: 9c59270c3fd7afecdb556c50c9e8de78 -> 
  custom:audio-decoder-ogg-vorbis: bf7c407c2cedff20999df2af8eb42d56 -> 
  custom:audio-encoder-webm-vorbis: bf7c407c2cedff20999df2af8eb42d56 -> 
AssetImportWorkerClient::OnTransportError - code=2 error=End of file
